Feb 28 08:31 : update: added /Epic Sax Guy [Original] HD.mp3
Feb 28 08:31 : update: added /Sofia Carson - Love Is the Name (Official Video).mp3
Feb 28 08:31 : update: added /Shakira - Rabiosa.mp3
Feb 28 08:31 : update: added /DON OMAR, WISIN, YANDEL - SANDUNGA.mp3
Feb 28 08:31 : update: added /Mustang Nismo  Brian Tyler Feat Slash.mp3
Feb 28 08:31 : update: added /Alan Walker - Darkside (feat. Au_Ra and Tomine Harket) ( 256kbps cbr ).mp3
Feb 28 08:31 : update: added /2WEI Ali Christenhusz  Lightbringer The Mageseeker A League of Legends Story Riot Games Music.mp3
Feb 28 08:31 : update: added /Dj Tiesto Wave Rider Steve DarkPhoenix RMX ( 256kbps cbr ).mp3
Feb 28 08:31 : update: added /Hawk Nelson  Sold Out Official Lyric Video.mp3
Feb 28 08:31 : update: added /ZAYDE WOLF - HUSTLER (Official Music Video) - seen on DUDE PERFECT - JEEP Freedom Days ( 256kbps cbr ).mp3
Feb 28 08:31 : update: added /Shakira - Try Everything (Official Video) ( 256kbps cbr ).mp3
Feb 28 08:31 : update: added /Chayanne - Humanos A Marte (Letra).mp3
Feb 28 08:31 : update: added /Shirley Bassey - Get The Party Started (Official Video) ( 256kbps cbr ).mp3
Feb 28 08:31 : update: added /Monster ( 256kbps cbr ).mp3
Feb 28 08:31 : update: added /Imagine Dragons - Radioactive.mp3
Feb 28 08:31 : update: added /Alessia_Cara_-_How_Far_I'll_Go_(Official_Video).mp3
Feb 28 08:31 : update: added /Don Omar, Natti Natasha - Dutty Love.mp3
Feb 28 08:31 : update: added /HOME Movie  Balkan And Beat Box Ft. Stargate - Slushious.mp3
Feb 28 08:31 : update: added /Nicky Jam x J. Balvin - X (EQUIS) _ Video Oficial _ Prod. Afro Bros & Jeon ( 256kbps cbr ).mp3
Feb 28 08:31 : update: added /Roundtable Rival ( 256kbps cbr ).mp3
Feb 28 08:31 : update: added /Grandes Bandas Sonoras (Great Soundtrack).mp3
Feb 28 08:31 : update: added /Enrique Iglesias - DUELE EL CORAZON (Lyric Video) ft. Wisin.mp3
Feb 28 08:31 : update: added /Tujamo & Danny Avila - Cream (Official Music Video) ( 256kbps cbr ).mp3
Feb 28 08:31 : update: added /Gioni - Trigger.mp3
Feb 28 08:31 : update: added /Pharrell Williams - Doowit (Audio) ( 256kbps cbr ).mp3
Feb 28 08:31 : update: added /all up to you.mp3
Feb 28 08:31 : update: added /Vince Staples - Home _ Spider-Man_ Into the Spider-Verse OST ( 256kbps cbr ).mp3
Feb 28 08:31 : update: added /J_Balvin__Jowell_&_Randy_-_Bonita.mp3
Feb 28 08:31 : update: added /Knife Party  LRAD.mp3
Feb 28 08:31 : update: added /Shawn Mendes, Camila Cabello - Señorita (Official Music Video) ( 256kbps cbr ).mp3
Feb 28 08:31 : update: added /SpongeBob Trap Remix Krusty Krab.mp3
Feb 28 08:31 : update: added /Martin%20Garrix%20%20David%20Guetta%20 %20So%20Far%20Away%20(feat%20Jamieal%20Video).mp3
Feb 28 08:31 : update: added /Black Eyed Peas - Pump it lyrics.mp3
Feb 28 08:31 : update: added /Bee Gees  Stayin Alive Official Music Video.mp3
Feb 28 08:31 : update: added /La Nueva Escuela feat Gailen La Moyeta  La Rubia Remix Video Oficial.mp3
Feb 28 08:31 : update: added /Shake That Thing (feat. SBF & Lvcky Fem) ( 256kbps cbr ).mp3
Feb 28 08:31 : update: added /Gente de Zona, Becky G - Muchacha (Official Video) ( 256kbps cbr ).mp3
Feb 28 08:31 : update: added /Bloody Mary - Instrumental Slowed (Best part).mp3
Feb 28 08:31 : update: added /Alan Walker - Faded.mp3
Feb 28 08:31 : update: added /Danna Paola - Mala Fama ( 256kbps cbr ).mp3
Feb 28 08:31 : update: added /In%20Da%20Club.mp3
Feb 28 08:31 : update: added /Spinnin.mp3
Feb 28 08:31 : update: added /Bust Your Windows ( 256kbps cbr ).mp3
Feb 28 08:31 : update: added /Avicii - Wake Me Up (Lyric Video).mp3
Feb 28 08:31 : update: added /Nosotros los Guapos Temporada 1 (Canción Completa) ( 256kbps cbr ).mp3
Feb 28 08:31 : update: added /Imagine%20Dragons%20-%20Believer.mp3
Feb 28 08:31 : update: added /Lady Gaga - Alejandro __ Official Music High Quality.mp3
Feb 28 08:31 : update: added /Uptown Funk ( 256kbps cbr ).mp3
Feb 28 08:31 : update: added /September.mp3
Feb 28 08:31 : update: added /David Guetta & Showtek - Bad ft. Vassy (Official Audio).mp3
Feb 28 08:31 : update: added /Tokyo Drift Music Video - Pump It Loud.mp3
Feb 28 08:31 : update: added /Taio Cruz - Telling The World Official Song RIO Movie Soundtrack 2011 HD.mp3
Feb 28 08:31 : update: added /New Rules ( 256kbps cbr ).mp3
Feb 28 08:31 : update: added /Egzod & Maestro Chives - Royalty (Lyrics) ft. Neoni ( 256kbps cbr ).mp3
Feb 28 08:31 : update: added /Ummet Ozcan - Raise Your Hands (Original Mix) ( 256kbps cbr ).mp3
Feb 28 08:31 : update: added /Tove Lo - Habits (Stay High) ( 256kbps cbr ).mp3
Feb 28 08:31 : update: added /LEGO NINJAGO Season 6 _Pirate Whip_ by The Fold ( 256kbps cbr ).mp3
Feb 28 08:31 : update: added /IVE 아이브 'ELEVEN' MV ( 256kbps cbr ).mp3
Feb 28 08:31 : update: added /(13)danza kuduro.mp3
Feb 28 08:31 : update: added /Lady Gaga-Poker Face.mp3
Feb 28 08:31 : update: added /DJ Snake feat Selena Gomez, Ozuna & Cardi B - Taki Taki (Audio) ft. Cardi B ( 256kbps cbr ).mp3
Feb 28 08:31 : update: added /DADDY! DADDY! DO! OP.2 _ Kaguya-sama wa Kokurasetai _ Subtitulado Al Español. ( 256kbps cbr ).mp3
Feb 28 08:31 : update: added /Lemaitre - Higher (feat. Maty Noyes) ( 256kbps cbr ).mp3
Feb 28 08:31 : update: added /Judas - Lady Gaga (80s Version)   Gemyni Cover.mp3
Feb 28 08:31 : update: added /Damian Marley - Make It Bun Dem (GUALTIERO & MOKADRUMZ BOOTLEG) ( 256kbps cbr ).mp3
Feb 28 08:31 : update: added /Benny Benassi - Satisfaction ( 256kbps cbr ).mp3
Feb 28 08:31 : update: added /Overlord Season 3 – Opening Theme – Voracity ( 256kbps cbr ).mp3
Feb 28 08:31 : update: added /Alec Benjamin  Let Me Down Slowly Lyrics.mp3
Feb 28 08:31 : update: added /Dove Cameron - Born Ready (From “Marvel Rising”) ( 256kbps cbr ).mp3
Feb 28 08:31 : update: added /K-391, Alan Walker & Ahrix - End of Time (Official Video) ( 256kbps cbr ).mp3
Feb 28 08:31 : update: added /The Essence of Discovery  Overwatch Heroes  Villains.mp3
Feb 28 08:31 : update: added /La Vecina (Tema de Telenovela).mp3
Feb 28 08:31 : update: added /Glory ( 256kbps cbr ).mp3
Feb 28 08:31 : update: added /Don Omar, Lucenzo, Daddy Yankee & Arcangel - Danza Kuduro.mp3
Feb 28 08:31 : update: added /Que Te Vaya Bien.mp3
Feb 28 08:31 : update: added /J Balvin - Ay Vamos (lyrics).mp3
Feb 28 08:31 : update: added /wisin & yandel - me estas tentando (nesty - la mente maestra)297.mp3
Feb 28 08:31 : update: added /Free Naruto Type Beat  Susanoo.mp3
Feb 28 08:31 : update: added /K-391 - Dream Of Something Sweet ft. Cory Friesenhan [NCS Release].mp3
Feb 28 08:31 : update: added /Yello - Oh Yeah ( 256kbps cbr ).mp3
Feb 28 08:31 : update: added /Showtek ft We Are Loud  Sonny Wilson  Booyah Original Mix.mp3
Feb 28 08:31 : update: added /The Score - Stronger (Official Audio) ( 256kbps cbr ).mp3
Feb 28 08:31 : update: added /OMI - Cheerleader (Felix Jaehn Remix) _Official Video_ ( 256kbps cbr ).mp3
Feb 28 08:31 : update: added /One Piece OST - The Very Very Very Strongest Remix! (Ryo Sensei Music ) ( 256kbps cbr ).mp3
Feb 28 08:31 : update: added /Madagascar, &quot;Quiero Mover El Bote&quot;.mp3
Feb 28 08:31 : update: added /BLACKPINK  Shut Down Official Audio.mp3
Feb 28 08:31 : update: added /Lil%20Yachty%20–%20Mamacita%20(feat%20Rico%20Nasty)%20(The%20Fate%20of%20tAL%20AUDIO].mp3
Feb 28 08:31 : update: added /Teriyaki boyz - Rapido y furioso reto tokio.mp3
Feb 28 08:31 : update: added /Reaper ( 256kbps cbr ).mp3
Feb 28 08:31 : update: added /The Hanging Tree’ James Newton Howard ft. Jennifer Lawrence (Official Audio).mp3
Feb 28 08:31 : update: added /David Guetta - Lovers On The Sun (Official Audio) ft Sam Martin.mp3
Feb 28 08:31 : update: added /Cyclone (Main) ( 256kbps cbr ).mp3
Feb 28 08:31 : update: added /Rain Over Me ( 256kbps cbr ).mp3
Feb 28 08:31 : update: added /Alan Walker - Alone (Restrung) _ Official Lyric Video ( 256kbps cbr ).mp3
Feb 28 08:31 : update: added /Turn Up The Bad  Speakers (Lucky Jadeja Mashup).mp3
Feb 28 08:31 : update: added /Mi Gente.mp3
Feb 28 08:31 : update: added /Lady Gaga - Americano ( 256kbps cbr ).mp3
Feb 28 08:31 : update: added /RAPIDO Y furioso tokio .mp3
Feb 28 08:31 : update: added /Dark Orchestral Violin  Time Will Catch Me First  Contains Flashing Lights.mp3
Feb 28 08:31 : update: added /Jennifer Lopez - Papi ( 256kbps cbr ).mp3
Feb 28 08:31 : update: added /David Guetta  Bebe Rexha  Im Good Blue Official Music Video.mp3
Feb 28 08:31 : update: added /The Hum ( 256kbps cbr ).mp3
Feb 28 08:31 : update: added /Usher - Yeah! ft. Lil Jon, Ludacris ( 256kbps cbr ).mp3
Feb 28 08:31 : update: added /Imagine Dragons - Bones (Official Lyric Video) ( 256kbps cbr ).mp3
Feb 28 08:31 : update: added /britney spears - toxic.mp3
Feb 28 08:31 : update: added /EMINEM - Till I Collapse (NEFFEX Remix) ( 256kbps cbr ).mp3
Feb 28 08:31 : update: added /Alan Walker - All Falls Down.mp3
Feb 28 08:31 : update: added /Reunion _ Overwatch Soundtrack_ Animated Shorts ( 256kbps cbr ).mp3
Feb 28 08:31 : update: added /Redfoo - Juicy Wiggle (Official Video) ( 256kbps cbr ).mp3
Feb 28 08:31 : update: added /Jump Around.mp3
Feb 28 08:31 : update: added /LEGO%20NINJAGO%20The%20Temporal%20Whip%20(High%20Quality%20Audio)%20by%20Th0Season%207.mp3
Feb 28 08:31 : update: added /True Damage - GIANTS (8D) (ft. Becky G, Keke Palmer, SOYEON, DUCKWRTH, Thutmose) _ League of Legends ( 256kbps cbr ).mp3
Feb 28 08:31 : update: added /►%20Imagine%20Dragons%20-%20Believer%20(with%20lyrics).mp3
Feb 28 08:31 : update: added /Don Omar - Salio El Sol.mp3
Feb 28 08:31 : update: added /Holding Out For A Hero.mp3
Feb 28 08:31 : update: added /Movimiento Naranja - Movimiento Ciudadano.mp3
Feb 28 08:31 : update: added /Gente de Zona - La Gozadera (Cover Audio) ft. Marc Anthony.mp3
Feb 28 08:31 : update: added /Towards The Sun (From The  Home  Soundtrack).mp3
Feb 28 08:31 : update: added /Indila - Dernière Danse (Clip Officiel) ( 256kbps cbr ).mp3
Feb 28 08:31 : update: added /Dimitri Vegas & Like Mike - Rampage ( 256kbps cbr ).mp3
Feb 28 08:31 : update: added /6 es un secreto (www elcorillord com)44.mp3
Feb 28 08:31 : update: added /Bandoleros ( 256kbps cbr ).mp3
Feb 28 08:31 : update: added /The Search (Edit) ( 256kbps cbr ).mp3
Feb 28 08:31 : update: added /Shut Up And Drive ( 256kbps cbr ).mp3
Feb 28 08:31 : update: added /Lady Gaga - Bad Romance.mp3
Feb 28 08:31 : update: added /All Around The World La La La.mp3
Feb 28 08:31 : update: added /Carmen Goett - La Llorona (Official video) ( 256kbps cbr ).mp3
Feb 28 08:31 : update: added /On My Way (Da Tweekaz Remix) ( 256kbps cbr ).mp3
Feb 28 08:31 : update: added /Never Giving Up feat Mickey Shiloh.mp3
Feb 28 08:31 : update: added /Enter the Gun ( 256kbps cbr ).mp3
Feb 28 08:31 : update: added /Bassjackers vs D'Angello & Francis - All Aboard (Dimitri Vegas & Like Mike Edit) ( 256kbps cbr ).mp3
Feb 28 08:31 : update: added /The Score - Legend (Audio) ( 256kbps cbr ).mp3
Feb 28 08:31 : update: added /Immigrant Song ( 256kbps cbr ).mp3
Feb 28 08:31 : update: added /Cody Simpson - La Da Dee (lyrics).mp3
Feb 28 08:31 : update: added /_MV_ 마마무 (MAMAMOO) - AYA ( 256kbps cbr ).mp3
Feb 28 08:31 : update: added /Blasterjaxx  Jebroer  Symphony Official Lyric Video.mp3
Feb 28 08:31 : update: added /Kings  Queens.mp3
Feb 28 08:31 : update: added /Shakira+Freshlyground - Waka Waka Esto Es Africa.mp3
Feb 28 08:31 : update: added /Baila Baila Baila ( 256kbps cbr ).mp3
Feb 28 08:31 : update: added /The Chainsmokers - Don't Let Me Down ft. Daya.mp3
Feb 28 08:31 : update: added /Valley Of Wolves - _We're Back_ (Official Audio) ( 256kbps cbr ).mp3
Feb 28 08:31 : update: added /ZAYDE WOLF - BORN READY (Official Lyric Video) ( 256kbps cbr ).mp3
Feb 28 08:31 : update: added /SKRILLEX - Bangarang [Official Music Video].mp3
Feb 28 08:31 : update: added /LEGO Ninjago Rebooted ReMix The Weekend Whip.mp3
Feb 28 08:31 : update: added /X Ambassadors, Jamie N Commons - Jungle (Official Audio).mp3
Feb 28 08:31 : update: added /Major Lazer – Light it Up (feat. Nyla & Fuse ODG) (Music Video Remix) by Method Studios ( 256kbps cbr ).mp3
Feb 28 08:31 : update: added /Henrique Camacho  Fatality  Sevilla 180BPM.mp3
Feb 28 08:31 : update: added /Calle 13 - Atrevete te te (Explicit) ( 256kbps cbr ).mp3
Feb 28 08:31 : update: added /Skinny Fabulous  Up and Up Official Video.mp3
Feb 28 08:31 : update: added /여자아이들GIDLE  Nxde Official Music Video.mp3
Feb 28 08:31 : update: added /Single Ladys Beyonce.mp3
Feb 28 08:31 : update: added /Fifth Harmony - Work from Home ft. Ty Dolla $ign.mp3
Feb 28 08:31 : update: added /Don Omar  El Señor De La Noche Lyric Video.mp3
Feb 28 08:31 : update: added /Alan Walker, Sabrina Carpenter & Farruko  - On My Way ( 256kbps cbr ).mp3
Feb 28 08:31 : update: added /Arctic Monkeys  Do I Wanna Know Official Video.mp3
Feb 28 08:31 : update: added /Youll Be UNDER MY WHEELS.mp3
Feb 28 08:31 : update: added /La Llorona - Susana Harp.mp3
Feb 28 08:31 : update: added /Timmy Trumpet  Oracle Official Music Video.mp3
Feb 28 08:31 : update: added /Tip Pon It ( 256kbps cbr ).mp3
Feb 28 08:31 : update: added /Snap - I ve Got The power ( 256kbps cbr ).mp3
Feb 28 08:31 : update: added /J Balvin - Toretto (Audio).mp3
Feb 28 08:31 : update: added /Russ%20 %20Pull%20The%20Trigger.mp3
Feb 28 08:31 : update: added /The Roots - Here I come [HD].mp3
Feb 28 08:31 : update: added /Sean Paul, J Balvin - Contra La Pared ( 256kbps cbr ).mp3
Feb 28 08:31 : update: added /Pink Venom.mp3
Feb 28 08:31 : update: added /Alex On The Spot ( 256kbps cbr ).mp3
Feb 28 08:31 : update: added /David Guetta - Hey Mama (Official Video) ft Nicki Minaj, Bebe Rexha & Afrojack ( 256kbps cbr ).mp3
Feb 28 08:31 : update: added /Don't You Think Lose ( 256kbps cbr ).mp3
Feb 28 08:31 : update: added /Wisin & Yandel - Ahora Es ( 256kbps cbr ).mp3
Feb 28 08:31 : update: added /Blue Swede - Hooked On A Feeling (Guardians Of The Galaxy trailer song).mp3
Feb 28 08:31 : update: added /WISIN & YANDEL - Estoy Enamorado.mp3
Feb 28 08:31 : update: added /Ariana Grande - 7 rings (Official Video) ( 256kbps cbr ).mp3
Feb 28 08:31 : update: added /makeba-lyrics-video.mp3
Feb 28 08:31 : update: added /Jennifer Lopez - Dinero ft. DJ Khaled, Cardi B ( 256kbps cbr ).mp3
Feb 28 08:31 : update: added /Frikitona ( 256kbps cbr ).mp3
Feb 28 08:31 : update: added /Soy Yo (Sing 2 Mix).mp3
Feb 28 08:31 : update: added /Timmy Trumpet  Krunk  Al Pacino Official Music Video.mp3
Feb 28 08:31 : update: added /Cho L A R G E.mp3
Feb 28 08:31 : update: added /Sam Tinnesz - Wolves feat. Silverberg (Alternate Version) _Official Audio_ ( 256kbps cbr ).mp3
Feb 28 08:31 : update: added /David Guetta, Bebe Rexha & J Balvin - Say My Name (Official Video) ( 256kbps cbr ).mp3
Feb 28 08:31 : update: added /Imagine Dragons - Warriors (Lyrics).mp3
Feb 28 08:31 : update: added /Can't Hold Us - Macklemore & Ryan Lewis (feat. Ray Dalton) ( 256kbps cbr ).mp3
Feb 28 08:31 : update: added /the misfit of demon king academy ost ( 256kbps cbr ).mp3
Feb 28 08:31 : update: added /CKay - Love Nwantiti Remix ft. Joeboy & Kuami Eugene [Ah Ah Ah] [Official Music Video].mp3
Feb 28 08:31 : update: added /AronChupa - I'm an Albatraoz (Official Music Video).mp3
Feb 28 08:31 : update: added /Juicy J, Wiz Khalifa, Ty Dolla $ign - Shell Shocked ft. Kill The Noise & Madsonik [Official Video].mp3
Feb 28 08:31 : update: added /mi-banda-el-mexicano.mp3
Feb 28 08:31 : update: added /Remember the Name (feat. Styles of Beyond) ( 256kbps cbr ).mp3
Feb 28 08:31 : update: added /David Guetta - Titanium ft. Sia.mp3
Feb 28 08:31 : update: added /PRETTYMUCH, CNCO - Me Necesita (Lyric Video) ( 256kbps cbr ).mp3
Feb 28 08:31 : update: added /Angela Aguilar - La Llorona - Video Oficial ( 256kbps cbr ).mp3
Feb 28 08:31 : update: added /Claim Your Glory _ 2022 Pokémon World Championships ( 256kbps cbr ).mp3
Feb 28 08:31 : update: added /hiding-in-the-blue-chapter-1.mp3
Feb 28 08:31 : update: added /01.Don Omar Feat. Lucenzo - Danza Kuduro (Prod.By A&X).mp3
Feb 28 08:31 : update: added /Karol G - Mi Cama ( 256kbps cbr ).mp3
Feb 28 08:31 : update: added /Mirror Mirror - Soundtrack.mp3
Feb 28 08:31 : update: added /Minecraft - Miners in the Sun (Parodia de Lovers of the Sun de David Guetta)  Video Oficial.mp3
Feb 28 08:31 : update: added /Pháo  2 Phút Hơn KAIZ Remix Official Music Video.mp3
Feb 28 08:31 : update: added /Don Omar - Conteo.mp3
Feb 28 08:31 : update: added /J Balvin - 6 AM ft. Farruko.mp3
Feb 28 08:31 : update: added /Calle 13 - Baile De Los Pobres (Cover Audio Video) ( 256kbps cbr ).mp3
Feb 28 08:31 : update: added /Dimitri Vegas MOGUAI  Like Mike  Body Talk Mammoth ft Julian Perretta Extended Mix.mp3
Feb 28 08:31 : update: added /The Arrival of Kai ( 256kbps cbr ).mp3
Feb 28 08:31 : update: added /Ella No Sigue Modas - Don Omar Ft. Juan Magan ( 256kbps cbr ).mp3
Feb 28 08:31 : update: added /Juanes - A Dios Le Pido.mp3
Feb 28 08:31 : update: added /Alan_Walker_-_Alone__Pt._II__Live_at_Ch__teau_de_Fontainebleau_.mp3
Feb 28 08:31 : update: added /edIT Ants ( 256kbps cbr ).mp3
Feb 28 08:31 : update: added /El Panadero.mp3
Feb 28 08:31 : update: added /The Rapture - Sister Saviour (DFA Dub) ( 256kbps cbr ).mp3
Feb 28 08:31 : update: added /Coolio - Gangsta's Paradise (Candyland Remix) mp3 ( 256kbps cbr ).mp3
Feb 28 08:31 : update: added /Bloody Mary.mp3
Feb 28 08:31 : update: added /Wisin & Yandel - Abusadora.mp3
Feb 28 08:31 : update: added /How Bad Do You Want It (Oh Yeah).mp3
Feb 28 08:31 : update: added /Pokémon XYZ Opening Latino ( 256kbps cbr ).mp3
Feb 28 08:31 : update: added /Dj Esli Darek Sotelo  SaxoSuelta Oriente Tribe Cover Audio ft Darek Sotelo.mp3
Feb 28 08:31 : update: added /Disney Descendants - Rotten to the Core Lyric Video - Official Disney Channel UK HD.mp3
Feb 28 08:31 : update: added /GIMS, Maluma - Hola Señorita (Maria) _Official Video_ ( 256kbps cbr ).mp3
Feb 28 08:31 : update: added /Wisin Yandel Farruko  3G Remix ft Jon Z Don Chezina Chencho Corleone Myke Towers.mp3
Feb 28 08:31 : update: added /Shakira - Dare La La La (Brazil 2014) (Official Video HD) Legendado, Lyrics [THE FIFA WORL CUP SONG].mp3
Feb 28 08:31 : update: added /Move (If You Wanna) ( 256kbps cbr ).mp3
Feb 28 08:31 : update: added /Betty Boop Remix.mp3
Feb 28 08:31 : update: added /Wiggle-Jason derulo (lyrics).mp3
Feb 28 08:31 : update: added /Zoom.mp3
Feb 28 08:31 : update: added /Billie Eilish - bad guy (Lyrics) ( 256kbps cbr ).mp3
Feb 28 08:31 : update: added /Beyoncé - Crazy In Love ft. JAY Z.mp3
Feb 28 08:31 : update: added /Judas.mp3
Feb 28 08:31 : update: added /Guns N' Roses - Welcome To The Jungle.mp3
Feb 28 08:31 : update: added /Gangsta ( 256kbps cbr ).mp3
Feb 28 08:31 : update: added /Disfigure - Blank [NCS Release].mp3
Feb 28 08:31 : update: added /Sweet Victory ( 256kbps cbr ).mp3
Feb 28 08:31 : update: added /Alors On Danse - Stromae.mp3
Feb 28 08:31 : update: added /DJ Snake & Lil Jon - Turn Down For What (Onderkoffer Remix).mp3
Feb 28 08:31 : update: added /Baila Conmigo  Dayvi Victor Cardenas  Kelly Ruiz Official Audio.mp3
Feb 28 08:31 : update: added /Boku no Hero Academia OST - _Hero A_ ( 256kbps cbr ).mp3
Feb 28 08:31 : update: added /Fast Five - How We Roll (Fast Five Remix) - Don Omar ft. Busta Rhymes, Reek da Villian & J-doe ( 256kbps cbr ).mp3
Feb 28 08:31 : update: added /ALEX GOU (calandria celebration)..mp3
Feb 28 08:31 : update: added /Alok & Zafrir - Vale Vale (Official Audio) ( 256kbps cbr ).mp3
Feb 28 08:31 : update: added /Immortals ( 256kbps cbr ).mp3
Feb 28 08:31 : update: added /Technotronic - Pump Up The Jam (Official Music Video) ( 256kbps cbr ).mp3
Feb 28 08:31 : update: added /Valhalla Calling Trio Version Miracle Of Sound Eric Hollaway Peyton Parrish.mp3
Feb 28 08:31 : update: added /Alok & Alan Walker - Headlights (feat. KIDDO) _Official Lyric Video_ ( 256kbps cbr ).mp3
Feb 28 08:31 : update: added /Sing Me To Sleep.mp3
Feb 28 08:31 : update: added /K-391 - Summertime _Sunshine_ ( 256kbps cbr ).mp3
Feb 28 08:31 : update: added /Meg & Dia - Monster (DotEXE Remix).mp3
Feb 28 08:31 : update: added /K-391 & Alan Walker - Ignite (feat. Julie Bergan & Seungri) ( 256kbps cbr ).mp3
Feb 28 08:31 : update: added /NEONI and burnboy - CHAMPION (lyric video) ( 256kbps cbr ).mp3
Feb 28 08:31 : update: added /Alfons  Ganjaman.mp3
Feb 28 08:31 : update: added /International Love ( 256kbps cbr ).mp3
Feb 28 08:31 : update: added /Elle King - Ex's & Oh's   Official Instrumental.mp3
Feb 28 08:31 : update: added /What's%20My%20Name%20(From%20Descendants%202Official%20Video).mp3
Feb 28 08:31 : update: added /Me Vieron Cruzar ( 256kbps cbr ).mp3
Feb 28 08:31 : update: added /Échame La Culpa.mp3
Feb 28 08:31 : update: added /Over and Out (feat. Charlott Boss) ( 256kbps cbr ).mp3
Feb 28 08:31 : update: added /Martin Garrix - Bouncybob (Feat. Justin Mylo & Mesto) [FREE DOWNLOAD].mp3
Feb 28 08:31 : update: added /Helly Luv - Revolution ( 256kbps cbr ).mp3
Feb 28 08:31 : update: added /Afrojack - Dynamite ft. Snoop Dogg.mp3
Feb 28 08:31 : update: added /Desiigner - Panda (Audio).mp3
Feb 28 08:31 : update: added /Kung Fu Panda Kais Theme  EPIC VERSION Im So Sorry  Imagine Dragons.mp3
Feb 28 08:31 : update: added /Juanes - La Plata ft. Lalo Ebratt ( 256kbps cbr ).mp3
Feb 28 08:31 : update: added /What's Up Danger ( 256kbps cbr ).mp3
Feb 28 08:31 : update: added /Se Busca ( 256kbps cbr ).mp3
Feb 28 08:31 : update: added /Black Eyed Peas, Ozuna, J. Rey Soul - MAMACITA (Official Music Video) ( 256kbps cbr ).mp3
Feb 28 08:31 : update: added /Nathan Evans - Wellerman (Sea Shanty) ( 256kbps cbr ).mp3
Feb 28 08:31 : update: added /Grupo Cañaveral De Humberto Pabón  María De Todos Los Ángeles Live.mp3
Feb 28 08:31 : update: added /Dile Don Omar corta.mp3
Feb 28 08:31 : update: added /Carnage feat Timmy Trumpet  KSHMR  Toca Cover Art.mp3
Feb 28 08:31 : update: added /- OMWChallenge ( 256kbps cbr ).mp3
Feb 28 08:31 : update: added /PA' ROMPERLA - Bad Bunny x Don Omar _  Las Que No Iban A Salir ( 256kbps cbr ).mp3
Feb 28 08:31 : update: added /Rihanna  Diamonds Audio.mp3
Feb 28 08:31 : update: added /Wisin - Adrenalina ft. Jennifer Lopez, Ricky Martin.mp3
Feb 28 08:31 : update: added /Shakira - Chantaje ft. Maluma.mp3
Feb 28 08:31 : update: added /2WEI, Louis Leibfried, Edda Hayes - The Call (Official 2022 League of Legends Cinematic) ( 256kbps cbr ).mp3
Feb 28 08:31 : update: added /(여자)아이들((G)I-DLE) - 'TOMBOY' Official Music Video ( 256kbps cbr ).mp3
Feb 28 08:31 : update: added /Don Omar - Zumba.mp3
Feb 28 08:31 : update: added /La despedida - Daddy yankee lyrics.mp3
Feb 28 08:31 : update: added /Cold Plunge ( 256kbps cbr ).mp3
Feb 28 08:31 : update: added /Louder (Extended Mix) ( 256kbps cbr ).mp3
Feb 28 08:31 : update: added /Suicide Squad - Sucker For Pain - Nightcore.mp3
Feb 28 08:31 : update: added /BLACKPINK - 'Kill This Love' M_V ( 256kbps cbr ).mp3
Feb 28 08:31 : update: added /Fast & Furious 7 - Bassnectar feat. Rye Rye - Now.mp3
Feb 28 08:31 : update: added /Iniko  Jericho Official Visualizer.mp3
Feb 28 08:31 : update: added /DON OMAR Presenta_ QUE CHIMBA - @ghost___el_phantom ( 256kbps cbr ).mp3
Feb 28 08:31 : update: added /Brevis%20X%20ENGMNT%20 %20Everyday%20(ft%20Grand%20Khai).mp3
Feb 28 08:31 : update: added /Travis Barker - Let's Go ft. Yelawolf, Twista, Busta Rhymes, Lil Jon ( 256kbps cbr ).mp3
Feb 28 08:31 : update: added /This Is It ( 256kbps cbr ).mp3
Feb 28 08:31 : update: added /Legends%20Never%20Die%20Alan%20Walker%20Remix_%20-%20A%20[MP3%20128kbps].mp3
Feb 28 08:31 : update: added /Reflections ( 256kbps cbr ).mp3
Feb 28 08:31 : update: added /Arcade ( 256kbps cbr ).mp3
Feb 28 08:31 : update: added /Mission Impossible Theme(full theme).mp3
Feb 28 08:31 : update: added /Marcelo D2 Claudia - Desabafo Deixa Eu Dizer ( 256kbps cbr ).mp3
Feb 28 08:31 : update: added /Unlike Pluto - Everything Black (feat. Mike Taylor) _Official Lyric Video_ ( 256kbps cbr ).mp3
Feb 28 08:31 : update: added /Konata Small - Top of the World (Official Audio) ( 256kbps cbr ).mp3
Feb 28 08:31 : update: added /The Black Eyed Peas - Boom Boom Pow (Radio Edit) ( 256kbps cbr ).mp3
Feb 28 08:31 : update: added /DJ Laz feat Flo Rida Casely and Pitbull - Move Shake Drop (remix) ( 256kbps cbr ).mp3
Feb 28 08:31 : update: added /Jason Derulo - _Talk Dirty_ feat. 2 Chainz (Official HD Music Video) ( 256kbps cbr ).mp3
Feb 28 08:31 : update: added /The Rise Of The Valkyries ( 256kbps cbr ).mp3
Feb 28 08:31 : update: added /Demi Lovato - Confident (Official Video) ( 256kbps cbr ).mp3
Feb 28 08:31 : update: added /David Guetta  Hey Mama ERS REMIX.mp3
Feb 28 08:31 : update: added /Bassnectar%20–%20Speakerbox%20ft.%20Ohana%20Bam%20&%20Lafa%20Taylor%20[F8%2he%20Album).mp3
Feb 28 08:31 : update: added /Avicii  The Nights Audio.mp3
Feb 28 08:31 : update: added /Superstar Jump Smokers feat. Pitbull & Qwote daniar.mp3
Feb 28 08:31 : update: added /Low ( 256kbps cbr ).mp3
Feb 28 08:31 : update: added /El Perdón - Nicky Jam & Enrique Iglesias (Letra 2015).mp3
Feb 28 08:31 : update: added /Shakira Feat. Dizzee Rascal - Loca.mp3
Feb 28 08:31 : update: added /Lost Control ( 256kbps cbr ).mp3
Feb 28 08:31 : update: added /2WEI feat. Hanna Leess, Kataem, Marvin Brooks – You Really Got Me (Wild Rift launch trailer) ( 256kbps cbr ).mp3
Feb 28 08:31 : update: added /Timmy Trumpet  Dimatik  Punjabi Official Audio.mp3
Feb 28 08:31 : update: added /Suzume feat Toaka.mp3
Feb 28 08:31 : update: added /TheFatRat -Volar lejos feat. Anjulie ( 256kbps cbr ).mp3
Feb 28 08:31 : update: added /Vince Staples Bagbak Black Panther Soundtrack.mp3
Feb 28 08:31 : update: added /Anitta With Becky G - Banana (Official Music Video) ( 256kbps cbr ).mp3
Feb 28 08:31 : update: added /sweet dreams but i put kahoot music over it.mp3
Feb 28 08:31 : update: added /Ricky Martin - Vida (Spanish Version).mp3
Feb 28 08:31 : update: added /Electric Light Orchestra  Last Train to London Official Video.mp3
Feb 28 08:31 : update: added /LEGO NINJAGO Bring On The Pirates by The Fold.mp3
Feb 28 08:31 : update: added /Eiffel 65 - Blue (Da Ba Dee).mp3
Feb 28 08:31 : update: added /Gary Clark Jr - Come Together (Official Music Video) _From The Justice League Movie Soundtrack_ ( 256kbps cbr ).mp3
Feb 28 08:31 : update: added /Lily ( 256kbps cbr ).mp3
Feb 28 08:31 : update: added /Cumbia Tropical ( 256kbps cbr ).mp3
Feb 28 08:31 : update: added /Caravan Palace - Wonderland ( 256kbps cbr ).mp3
Feb 28 08:31 : update: added /Oh The Larceny  Another Level Official Audio Music used by DudePerfect.mp3
Feb 28 08:31 : update: added /Juanes - La Camisa Negra.mp3
Feb 28 08:31 : update: added /PSY - DADDY(feat. CL of 2NE1) M_V ( 256kbps cbr ).mp3
Feb 28 08:31 : update: added /Ski Mask the Slump God & Jacquees - Save the Day _ Spider-Man_ Into the Spider-Verse OST ( 256kbps cbr ).mp3
Feb 28 08:31 : update: added /La Culebritica Guaracha.mp3
Feb 28 08:31 : update: added /Jennifer_Lopez_-_Goin_In_ft_Flo_Rida.mp3
Feb 28 08:31 : update: added /K_DA - MORE con Madison Beer, (G)I-DLE, Lexie Liu, Jaira Burns y Seraphine (vídeo musical oficial) ( 256kbps cbr ).mp3
Feb 28 08:31 : update: added /Stadium Rave ( 256kbps cbr ).mp3
Feb 28 08:31 : update: added /Timmy Trumpet & Lady Bee - Trumpets (Official Music Video) ( 256kbps cbr ).mp3
Feb 28 08:31 : update: added /Martin Garrix - Animals (Official Video).mp3
Feb 28 08:31 : update: added /Step Up 4 _ Revolution 'The Office MOB' Dance HD( 256kbps cbr ).mp3
Feb 28 08:31 : update: added /Wicked Ones ( 256kbps cbr ).mp3
Feb 28 08:31 : update: added /Alok feat. John Martin - Wherever You Go (Alan Walker Remix) ( 256kbps cbr ).mp3
Feb 28 08:31 : update: added /La Cumbia Tribalera.mp3
Feb 28 08:31 : update: added /Funky Beats (Edit) ( 256kbps cbr ).mp3
Feb 28 08:31 : update: added /Balkan Beat Box Ft. Stargate - Slushious (Severin Remix).mp3
Feb 28 08:31 : update: added /Sak Noel, Luka Caro, Ruben Rider feat. Sito Rocks - Pinga (Official Extended Audio) ( 256kbps cbr ).mp3
Feb 28 08:31 : update: added /TheFatRat  Monody feat Laura Brehm.mp3
Feb 28 08:31 : update: added /Chayanne feat. Yandel - Humanos a Marte.mp3
Feb 28 08:31 : update: added /Go Gyal (Radio Edit) ( 256kbps cbr ).mp3
Feb 28 08:31 : update: added /Eminem - Without Me lyrics.mp3
Feb 28 08:31 : update: added /K_DA - POP_STARS (ft. Madison Beer, (G)I-DLE, Jaira Burns) _ Music Video - League of Legends ( 256kbps cbr ).mp3
Feb 28 08:31 : update: added /The Rolling Stones -Sympathy for the Devil (From the Oture OST).mp3
Feb 28 08:31 : update: added /DVBBS & Borgeous - Tsunami OFFICIAL VIDEO HD.mp3
Feb 28 08:31 : update: added /La La La Brasil 2014Waka Waka This Time for Africa Medley Audio  El Dorado World.mp3
Feb 28 08:31 : update: added /Alexandra Stan - Mr. Saxobeat (Official Video) ( 256kbps cbr ).mp3
Feb 28 08:31 : update: added /Voodoo.mp3
Feb 28 08:31 : update: added /''cuando, cuando es.mp3
Feb 28 08:31 : update: added /MI GENTE DO BRAZIL.mp3
Feb 28 08:31 : update: added /FRIENDS.mp3
Feb 28 08:31 : update: added /Taylor Swift  Ready For It Audio.mp3
Feb 28 08:31 : update: added /Estoy enamorado - Wisin y Yandel [Original + Letra   Lyric] ★ New 2010 ★.mp3
Feb 28 08:31 : update: added /Major Lazer & DJ Snake - Lean On (feat. MÃ˜) (Official Music Video).mp3
Feb 28 08:31 : update: added /Los Pikadientes de Caborca - Al Gusto.mp3
Feb 28 08:31 : update: added /J. Balvin - Ginza Lyrics.mp3
Feb 28 08:31 : update: added /Robarte Un Beso.mp3
Feb 28 08:31 : update: added /PULCINO PIO - El Pollito Pio.mp3
Feb 28 08:31 : update: added /War_%20what%20is%20it%20good%20for%20-%20Edwin%20Starr0(Subtitulada%20en%castellano).mp3
Feb 28 08:31 : update: added /Crying in the Club ( 256kbps cbr ).mp3
Feb 28 08:31 : update: added /K`naan & David Bisbal Wavin' Flag Video (Spanglish) ( 256kbps cbr ).mp3
Feb 28 08:31 : update: added /風吹けば月夜の果てに ( 256kbps cbr ).mp3
Feb 28 08:31 : update: added /Ricky Martin - La Mordidita ft. Yotuel (Audio) ( 256kbps cbr ).mp3
Feb 28 08:31 : update: added /how-we-party-original-mix.mp3
Feb 28 08:31 : update: added /MDK - Press Start _Free Download_ ( 256kbps cbr ).mp3
Feb 28 08:31 : update: added /Becky G, Natti Natasha - Sin Pijama (Official Video) ( 256kbps cbr ).mp3
Feb 28 08:31 : update: added /Taylor Swift  Shake It Off.mp3
Feb 28 08:31 : update: added /Trombone ( 256kbps cbr ).mp3
Feb 28 08:31 : update: added /Kitty, Daisy and Lewis - Honolulu Rock-A-Roll-A.wmv.mp3
Feb 28 08:31 : update: added /Juan Magan Feat. Belinda - Te Voy A Esperar.mp3
Feb 28 08:31 : update: added /Cardi B, Bad Bunny & J Balvin - I Like It _Official Audio_ ( 256kbps cbr ).mp3
Feb 28 08:31 : update: added /Gladiator ( 256kbps cbr ).mp3
Feb 28 08:31 : update: added /Becky_G__Bad_Bunny_-_Mayores_(Official_Video).mp3
Feb 28 08:31 : update: added /Imagine Dragons - Friction (Lyrics).mp3
Feb 28 08:31 : update: added /Los Socios Del Ritmo - Llorar (Audio Oficial).mp3
Feb 28 08:31 : update: added /It's%20Goin'%20Down%20(From%20Descendants%202).mp3
Feb 28 08:31 : update: added /Ways to Be Wicked (From Descendants 2Official Video).mp3
Feb 28 08:31 : update: added /Higher ( 256kbps cbr ).mp3
Feb 28 08:31 : update: added /Ricky Luna - Shut The Lights ( Step Up Revolution ) ( 256kbps cbr ).mp3
Feb 28 08:31 : update: added /Delirious Boneless ft Kid Ink Steve Aoki Chris Lake Tujamo.mp3
Feb 28 08:31 : update: added /Juan Alcaraz - Minions Bounce _Original Mix_ ( 256kbps cbr ).mp3
Feb 28 08:31 : update: added /Luis Ángel Gómez Jaramillo - El Latido de mi Corazón (De “Coco”_Audio Only) ( 256kbps cbr ).mp3
Feb 28 08:31 : update: added /alma-de-guitarra.mp3
Feb 28 08:31 : update: added /Adrenaline Rush.mp3
Feb 28 08:31 : update: added /Steve Aoki Chris Lake  Tujamo  Boneless Official Video.mp3
Feb 28 08:31 : update: added /Boombastic ( 256kbps cbr ).mp3
Feb 28 08:31 : update: added /Really Slow Motion - Deadwood (Epic Dark Rock Action) ( 256kbps cbr ).mp3
Feb 28 08:31 : update: added /Rihanna  Rude Boy Klean Remix.mp3
Feb 28 08:31 : update: added /Bso - Piratas del Caribe.mp3
Feb 28 08:31 : update: added /EVERGLOW (에버글로우) - DUN DUN MV ( 256kbps cbr ).mp3
Feb 28 08:31 : update: added /Way Up ( 256kbps cbr ).mp3
Feb 28 08:31 : update: added /Bee Gees  Night Fever.mp3
Feb 28 08:31 : update: added /Ektor Pan  Pokemon Go Vídeo Oficial.mp3
Feb 28 08:31 : update: added /Dimitri Vegas & Like Mike Vs Tujamo & Felguk - Nova (Official Video) ( 256kbps cbr ).mp3
Feb 28 08:31 : update: added /J.balvin - Bobo (lyrics).mp3
Feb 28 08:31 : update: added /Immortalized  Full Length Song  2023 Pokémon World Championships Theme.mp3
Feb 28 08:31 : update: added /2WEI - Hit The Road Jack (Official epic cover) ( 256kbps cbr ).mp3
Feb 28 08:31 : update: added /Kadebostany - Early Morning Dreams (Kled Mone Remix) - [OUT NOW].mp3
Feb 28 08:31 : update: added /Krewella - Come And Get It (Razihel Remix).mp3
Feb 28 08:31 : update: added /Luis Fonsi, Daddy Yankee - Despacito (Audio) ft. Justin Bieber.mp3
Feb 28 08:31 : update: added /Martin Garrix - Animals (Original Mix).mp3
Feb 28 08:31 : update: added /The Fold - The Weekend Whip (NinjaGo Theme Song).mp3
Feb 28 08:31 : update: added /Shakira Ft Pitbull - Rabiosa.mp3
Feb 28 08:31 : update: added /Jinetes en el cielo-Los Beatniks.mp3
Feb 28 08:31 : update: added /Dillon Francis, DJ Snake - Get Low (Video) ( 256kbps cbr ).mp3
Feb 28 08:31 : update: added /pa pa paramericano460.mp3
Feb 28 08:31 : update: added /Mi Mi Mi Hardstyle.mp3
Feb 28 08:31 : update: added /The Hot Damns - Wicked Games (Scorpion Soundtrack).mp3
Feb 28 08:31 : update: added /Coldplay - Hymn For The Weekend (Official video).mp3
Feb 28 08:31 : update: added /Dynoro, Gigi D'Agostino - In My Mind (Official Audio) ( 256kbps cbr ).mp3
Feb 28 08:31 : update: added /Hasta Abajo.mp3
Feb 28 08:31 : update: added /Los Socios Del Ritmo, Rubén Albarrán - Felicidad.mp3
Feb 28 08:31 : update: added /Justin Quiles X dalex X SantaFeKlanOfficial  FAST X  Sigue La Fiesta Lyric Video Oficial.mp3
Feb 28 08:31 : update: added /Spektrem - Shine (Gabriel Drew & Bloom Remix) [NCS Release].mp3
Feb 28 08:31 : update: added /Sam i feat. Anitta, BIA & Jarina De Marco - Suéltate (From Sing 2) (Official Video) ( 256kbps cbr ).mp3
Feb 28 08:31 : update: added /Estelle - Freak (feat. Kardinal Offishall) _Official Video_ ( 256kbps cbr ).mp3
Feb 28 08:31 : update: added /Daft Punk - Get Lucky (Full Video).mp3
Feb 28 08:31 : update: added /Está Rico ( 256kbps cbr ).mp3
Feb 28 08:31 : update: added /Meghan Trainor - All About That Bass (Official Music Video) ( 256kbps cbr ).mp3
Feb 28 08:31 : update: added /Bella Ciao _Lofi Fruits Release_ ( 256kbps cbr ).mp3
Feb 28 08:31 : update: added /012 Antonio Banderas - El Mariachi.mp3
Feb 28 08:31 : update: added /Alan Walker - Different World feat. Sofia Carson, K-391 & CORSAK (Lyric Video) ( 256kbps cbr ).mp3
Feb 28 08:31 : update: added /Eva Simons  Policeman  feat Konshens  prod by Sidney Samson.mp3
Feb 28 08:31 : update: added /Wisin y Yandel ft Jennifer Lopez - Follow The Leader.mp3
Feb 28 08:31 : update: added /Pitbull - Bon Bon (papa americano dj gusty remix) - Stero Love remix.mp3
Feb 28 08:31 : update: added /HOME Movie _ Balkan And Beat Box Ft. Stargate - Slushious.mp3
Feb 28 08:31 : update: added /Descendants Cast - Rotten to the Core (From Descendants).mp3
Feb 28 08:31 : update: added /Pitbull - Feel This Moment (Official Video) ft. Christina Aguilera ( 256kbps cbr ).mp3
Feb 28 08:31 : update: added /Nicki Minaj & Anuel AA - Familia (feat. Bantu) _ Spider-Man_ Into the Spider-Verse OST ( 256kbps cbr ).mp3
Feb 28 08:31 : update: added /Rihanna - Work ft. Drake (lyrics).mp3
Feb 28 08:31 : update: added /Baianá Extended.mp3
Feb 28 08:31 : update: added /Aero Chord - Surface.mp3
Feb 28 08:31 : update: added /Light That Fire ( 256kbps cbr ).mp3
Feb 28 08:31 : update: added /Village People  YMCA OFFICIAL Music Video 1978.mp3
Feb 28 08:31 : update: added /Bang ( 256kbps cbr ).mp3
Feb 28 08:31 : update: added /Inna, Daddy Yankee - More Than Friends.mp3
Feb 28 08:31 : update: added /Madcon - Beggin (2).mp3
Feb 28 08:31 : update: added /La Malagueña - (Once Upon A Time In México theme)  - Mariano Franco.mp3
Feb 28 08:31 : update: added /Babu Bawu.mp3
Feb 28 08:31 : update: added /TheFatRat - Unity.mp3
Feb 28 08:31 : update: added /FAST X   Furious - BIA (Official Lyric Video).mp3
Feb 28 08:31 : update: added /Itro & Tobu - Cloud 9 [NCS Release].mp3
Feb 28 08:31 : update: added /High Level Magic VS High Level Magic.mp3
Feb 28 08:31 : update: added /Alfons  Basta Boi TikTok Remix.mp3
Feb 28 08:31 : update: added /Plan B-Si no le contesto.mp3
Feb 28 08:31 : update: added /Guru Josh Project - Infinity (Ultra Music) ( 256kbps cbr ).mp3
Feb 28 08:31 : update: added /Nanatsu no Taizai -Perfect Time (sub español) ( 256kbps cbr ).mp3
Feb 28 08:31 : update: added /George Thorogood & The Destroyers - Bad To The Bone.mp3
Feb 28 08:31 : update: added /Seraphine, The Starry-Eyed Songstress _ Champion Theme (ft. Jasmine Clarke) - League of Legends ( 256kbps cbr ).mp3
Feb 28 08:31 : update: added /アイドル (Idol).mp3
Feb 28 08:31 : update: added /OMW-70s (PUBG Mobile Master) 48000Hz 24Bit.mp3
Feb 28 08:31 : update: added /boom boom mama405211(2)445.mp3
Feb 28 08:31 : update: added /Tina Charles  I Love to Love Official Audio.mp3
Feb 28 08:31 : update: added /Minecraft - En Qué Lugar Me Perdí  Video Oficial - Canción Original.mp3
Feb 28 08:31 : update: added /05 Addicted To You.mp3
Feb 28 08:31 : update: added /Jinetes en el Cielo (Ghost Riders in the Sky) Ft. Alejandro Marcovich y Paco Huidobro ( 256kbps cbr ).mp3
Feb 28 08:31 : update: added /Afrojack - Rock The House (Official Music Video) ( 256kbps cbr ).mp3
Feb 28 08:31 : update: added /Shakira+Freshlyground - Waka Waka This Time For Africa.mp3
Feb 28 08:31 : update: added /Katy Perry  ET Audio.mp3
Feb 28 08:31 : update: added /Imagine Dragons - Enemy (without rap _ J.I.D _) Original Imagine Dragons Version ( 256kbps cbr ).mp3
Feb 28 08:31 : update: added /El Diario de un Borracho ( 256kbps cbr ).mp3
Feb 28 08:31 : update: added /King of the World ( 256kbps cbr ).mp3
Feb 28 08:31 : update: added /Raymix  Oye Mujer.mp3
Feb 28 08:31 : update: added /Tiësto & KSHMR feat. Vassy - Secrets (Official Music Video) ( 256kbps cbr ).mp3
Feb 28 08:31 : update: added /Sam Tinnesz - Play With Fire feat. Yacht Money _Official Audio_ ( 256kbps cbr ).mp3
Feb 28 08:31 : update: added /2WEI feat. Edda Hayes - Warriors (Official Imagine Dragons cover from League of Legends trailer) ( 256kbps cbr ).mp3
Feb 28 08:31 : update: added /Let Me Hit It (Audiostalkers Original Mix) ( 256kbps cbr ).mp3
Feb 28 08:31 : update: added /Overlord OST  Arrival of the Undead King  2K Music Visualization.mp3
Feb 28 08:31 : update: added /Vazquez Sounds Adele - Rolling In The Deep (Cover).mp3
Feb 28 08:31 : update: added /Tiësto & Tate McRae - 1035 (Official Audio).mp3
Feb 28 08:31 : update: added /Pitbull%20feat.%20Pharrell%20-%20Blanco.mp3
Feb 28 08:31 : update: added /Tiësto - Seavolution Version Extendida (Full Song) - Larga ( 256kbps cbr ).mp3
Feb 28 08:31 : update: added /Blasterjaxx & Timmy Trumpet - Narco (Official Music Video) ( 256kbps cbr ).mp3
Feb 28 08:31 : update: added /Ain't Seen Nothing ( 256kbps cbr ).mp3
Feb 28 08:32 : update: added /Skrillex - First Of The Year (Equinox) _Official Music Video_ ( 256kbps cbr ).mp3
Feb 28 08:32 : update: added /Wisin y Yandel-Algo me gusta de ti.mp3
Feb 28 08:32 : update: added /INNA feat. Yandel - In Your Eyes _ Official Music Video ( 256kbps cbr ).mp3
Feb 28 08:32 : update: added /Sam Tinnesz X KAAZE - Wolves (feat. Silverberg) - Official Lyric Video ( 256kbps cbr ).mp3
Feb 28 08:32 : update: added /Spice - Go Down Deh _ Official Audio ft. Shaggy, Sean Paul ( 256kbps cbr ).mp3
Feb 28 08:32 : update: added /Todos Me Miran.mp3
Feb 28 08:32 : update: added /Die Antwoord - Baby's on Fire.mp3
Feb 28 08:32 : update: added /I Am The Best.mp3
Feb 28 08:32 : update: added /Galantis runaway (U&I) Lyrics.mp3
Feb 28 08:32 : update: added /What Is Love 12 Mix.mp3
Feb 28 08:32 : update: added /Summertime  Overwatch Heroes  Villains.mp3
Feb 28 08:32 : update: added /KSHMR & Marnik - Bazaar (Official Sunburn Goa 2015 Anthem) _Official Music Video_ ( 256kbps cbr ).mp3
Feb 28 08:32 : update: added /Diplo ft GTA  Boy oh Boy.mp3
Feb 28 08:32 : update: added /KSHMR, Alok, Dimitri Vegas & Like Mike, Zafrir – Reunion _Free Fire’s 4th Anniversary Theme Song_ ( 256kbps cbr ).mp3
Feb 28 08:32 : update: added /TheFatRat - Windfall.mp3
Feb 28 08:32 : update: added /3ball mty besos al aire.mp3
Feb 28 08:32 : update: added /Sean Paul - No Lie ft. Dua Lipa ( 256kbps cbr ).mp3
Feb 28 08:32 : update: added /Mambo No. 5 (A Little Bit Of...) ( 256kbps cbr ).mp3
Feb 28 08:32 : update: added /Major Lazer - Come On To Me ft. Sean Paul ( 256kbps cbr ).mp3
Feb 28 08:32 : update: added /Dimitri Vegas   Like Mike  Wakanda Original Mix.mp3
Feb 28 08:32 : update: added /Baila Mi Cumbia  Jimmy FontanezMedia Right Productions.mp3
Feb 28 08:32 : update: added /Alok Bruno Martini feat Zeeba  Hear Me Now Official Music Video.mp3
Feb 28 08:32 : update: added /POWER ( 256kbps cbr ).mp3
Feb 28 08:32 : update: added /Sean Paul-Get Busy.mp3
Feb 28 08:32 : update: added /_화사_ '마리아(Maria)' Performance Video ( 256kbps cbr ).mp3
Feb 28 08:32 : update: added /Venom (Music From The Motion Picture) ( 256kbps cbr ).mp3
Feb 28 08:32 : update: added /BONES Remix.mp3
Feb 28 08:32 : update: added /Disney Channel Stars - Legendary (performed by Disney Channel Stars) ( 256kbps cbr ).mp3
Feb 28 08:32 : update: added /Galantis - Runaway (U & I) (Gioni Remix).mp3
Feb 28 08:32 : update: added /Discombobulate.mp3
Feb 28 08:32 : update: added /Welcome to the Party ( 256kbps cbr ).mp3
Feb 28 08:32 : update: added /Jennifer Lopez - On The Floor ft Pitbull.mp3
Feb 28 08:32 : update: added /1__2__3_(feat._Jason_Derulo_&_De_La_Ghetto).mp3
Feb 28 08:32 : update: added /Lindsey Stirling - Carol of the Bells ( 256kbps cbr ).mp3
Feb 28 08:32 : update: added /AronChupa - I'm an Albatraoz  OFFICIAL VIDEO.mp3
Feb 28 08:32 : update: added /Dimitri Vegas & Like Mike vs. W&W – Arcade (Extended Mix).mp3
Feb 28 08:32 : update: added /Enrique Iglesias - Bailando Español ft Descemer Bueno Gente De Zona.mp3
Feb 28 08:32 : update: added /Flashback.mp3
Feb 28 08:32 : update: added /Kakegurui OST - Desire for Recklessness ( 256kbps cbr ).mp3
Feb 28 08:32 : update: added /On the Grind (feat. Classic) ( 256kbps cbr ).mp3
Feb 28 08:32 : update: added /Eminem%20-%20Till%20I%20Collapse%20[HD].mp3
Feb 28 08:32 : update: added /Hasta Que Salga El Sol - Don Omar (Con Letra).mp3
Feb 28 08:32 : update: added /Shakira - Loca (Spanish Version) ft. El Cata ( 256kbps cbr ).mp3
Feb 28 08:32 : update: added /The Score - Higher (Stripped _ Audio) ( 256kbps cbr ).mp3
Feb 28 08:32 : update: added /BORGORE & SIKDOPE - Unicorn Zombie Apocalypse (Original Mix) ( 256kbps cbr ).mp3
Feb 28 08:32 : update: added /My Family (from _The Addams Family_) ( 256kbps cbr ).mp3
Feb 28 08:32 : update: added /Teeth • 5 Seconds Of Summer _ Letra en español _ inglés ( 256kbps cbr ).mp3
Feb 28 08:32 : update: added /Cosculluela - Prrrum (Video Oficial).mp3
Feb 28 08:32 : update: added /Justin Bieber ft Jaden Smith - Never Say Never Lyrics.mp3
Feb 28 08:32 : update: added /Celosa.mp3
Feb 28 08:32 : update: added /MIDDLE OF THE NIGHT.mp3
Feb 28 08:32 : update: added /CHERIIMOYA • LIVING LIFE, IN THE NIGHT feat. SIERRA KIDD ( 256kbps cbr ).mp3
Feb 28 08:32 : update: added /Lo Que Yo Diga.mp3
Feb 28 08:32 : update: added /Wildside (From Adventures in Babysitting (Official Lyric Video)).mp3
Feb 28 08:32 : update: added /Alan Walker, K-391, Tungevaag, Mangoo - PLAY (Alan Walker x Niya Remix) ( 256kbps cbr ).mp3
Feb 28 08:32 : update: added /Sam Tinnesz - Wolves feat. Silverberg _Official Audio_ ( 256kbps cbr ).mp3
Feb 28 08:32 : update: added /BLACKPINK - '마지막처럼 (AS IF IT'S YOUR LAST)' M_V ( 256kbps cbr ).mp3
Feb 28 08:32 : update: added /Get Ready For This.mp3
Feb 28 08:32 : update: added /Alban Chela  - Can't Stop (Magic Free Release).mp3
Feb 28 08:32 : update: added /Invincible ( 256kbps cbr ).mp3
Feb 28 08:32 : update: added /Dragon Ash  Resound.mp3
Feb 28 08:32 : update: added /I'm Shipping Up To Boston - Dropkick Murphys ( 256kbps cbr ).mp3
Feb 28 08:32 : update: added /Joey Montana - Picky.mp3
Feb 28 08:32 : update: added /Katy Perry - Firework (Official) ( 256kbps cbr ).mp3
Feb 28 08:32 : update: added /Marc Anthony - Vivir Mi Vida.mp3
Feb 28 08:32 : update: added /Don Omar - Mi Nena.mp3
Feb 28 08:32 : update: added /Benny Benassi presents The Biz - Satisfaction (Just_____us Remix) [Ultra Records].mp3
Feb 28 08:32 : update: added /Love Dramatic OP.1 _ Kaguya-sama wa Kokurasetai _ Subtitulado Al Español. ( 256kbps cbr ).mp3
Feb 28 08:32 : update: added /Yo Contigo, Tú Conmigo (The Gong Gong Song _ El Tema De La Película _Gru 3 Mi Villano Favorito_) ( 256kbps cbr ).mp3
Feb 28 08:32 : update: added /Bomba Estéreo - Internacionales (Audio) ( 256kbps cbr ).mp3
Feb 28 08:32 : update: added /Ava Max  Not Your Barbie Girl Official Audio.mp3
Feb 28 08:32 : update: added /GIRI GIRI ( 256kbps cbr ).mp3
Feb 28 08:32 : update: added /Jinetes del oeste.mp3
Feb 28 08:32 : update: added /_Legendary_ (Official Audio) - Welshly Arms ( 256kbps cbr ).mp3
Feb 28 08:32 : update: added /Afrojack & Martin Garrix - Turn Up The Speakers (Official Music Video) ( 256kbps cbr ).mp3
Feb 28 08:32 : update: added /Pitbull%20&%20J%20Balvin%20-%20Hey%20Ma ft Camila Cabello  (Spanish Version).mp3
Feb 28 08:32 : update: added /Party Rock Anthem - LMFAO - OFFICIAL LYRICS.mp3
Feb 28 08:32 : update: added /Manu Chao - Infinita Tristeza (Official Audio).mp3
Feb 28 08:32 : update: added /Here ( 256kbps cbr ).mp3
Feb 28 08:32 : update: added /J Balvin, Willy William - Mi Gente.mp3
Feb 28 08:32 : update: added /Gustavo Santaolalla - Babel (Otnicka Remix)   Otnicka - Babel.mp3
Feb 28 08:32 : update: added /Jason Derulo feat. Snoop Dogg - Wiggle (Onderkoffer Remix).mp3
Feb 28 08:32 : update: added /NEW_ @VIZE  x Alan Walker – Space Melody (Edward Artemyev) ft. Leony (Official Lyric Video) ( 256kbps cbr ).mp3
Feb 28 08:32 : update: added /Jungle Ship ( 256kbps cbr ).mp3
Feb 28 08:32 : update: added /DJ Turn It Up.mp3
Feb 28 08:32 : update: added /Suicide Squad _ Sweet - The Ballroom Blitz - (Music Video HD).mp3
Feb 28 08:32 : update: added /Adexe y Nau  WASUTA わーすた   Yo Quiero Vivir en Japones  わーすた x Adexe  Nau  ヨキエロビビール.mp3
Feb 28 08:32 : update: added /Brennan Heart - We Come And We Go ( 256kbps cbr ).mp3
Feb 28 08:32 : update: added /Yandel - Como Antes (Official Video) ft. Wisin ( 256kbps cbr ).mp3
Feb 28 08:32 : update: added /Martin Garrix & Brooks - Byte ( 256kbps cbr ).mp3
Feb 28 08:32 : update: added /No One Stands Alone ( 256kbps cbr ).mp3
Feb 28 08:32 : update: added /Sean Paul - Temperature (Official Video) ( 256kbps cbr ).mp3
Feb 28 08:32 : update: added /Me Reclama ( 256kbps cbr ).mp3
Feb 28 08:32 : update: added /el__pajaro__loco_(limpia)___esclusiva.mp3
Feb 28 08:32 : update: added /Sweet Dreams (Are Made Of This) ( 256kbps cbr ).mp3
Feb 28 08:32 : update: added /Pitbull - Timber ft. Ke$ha.mp3
Feb 28 08:32 : update: added /Laidback Luke  Peking Duk   Mufasa  Radio Edit.mp3
Feb 28 08:32 : update: added /NK - ELEFANTE (Official Video).mp3
Feb 28 08:32 : update: added /Bailan Rochas y Chetas ( 256kbps cbr ).mp3
Feb 28 08:32 : update: added /Becky G, Maluma - La Respuesta (Letra) ( 256kbps cbr ).mp3
Feb 28 08:32 : update: added /Mortals, Pt. II ( 256kbps cbr ).mp3
Feb 28 08:32 : update: added /PSY or DIE.mp3
Feb 28 08:32 : update: added /BELIEVER - Imagine Dragons __ Launchpad Remix Ft. NSG & Romy Wave ( 256kbps cbr ).mp3
Feb 28 08:32 : update: added /Cumbia Sobre El Rio.mp3
Feb 28 08:32 : update: added /Baby Got Back ( 256kbps cbr ).mp3
Feb 28 08:32 : update: added /Mi Gente - SOUNTEC LIVE Edit ( 256kbps cbr ).mp3
Feb 28 08:32 : update: added /One More Round (Free Fire Booyah Day Theme Song) ( 256kbps cbr ).mp3
Feb 28 08:32 : update: added /Lil Nas X  STAR WALKIN League of Legends Worlds Anthem Official Visualizer.mp3
Feb 28 08:32 : update: added /I Will Survive. Gloria Gaynor.mp3
Feb 28 08:32 : update: added /Funki.mp3
Feb 28 08:32 : update: added /INDUSTRY BABY ( 256kbps cbr ).mp3
Feb 28 08:32 : update: added /RagnBone Man  Human Official Video.mp3
Feb 28 08:32 : update: added /SKRILLEX  KYOTO FT SIRAH.mp3
Feb 28 08:32 : update: added /They Don't Care About Us (Remastered Version).mp3
Feb 28 08:32 : update: added /BOW.mp3
Feb 28 08:32 : update: added /DVBBS  Jay Hardway  Voodoo Original Mix Official.mp3
Feb 28 08:32 : update: added /Esa Hembra Es Mala.mp3
Feb 28 08:32 : update: added /sandm.mp3
Feb 28 08:32 : update: added /Fall Out Boy - My Songs Know What You Did In The Dark (Light Em Up) (Part 1) ( 256kbps cbr ).mp3
Feb 28 08:32 : update: added /LEGO NINJAGO Ghost Whip by The Fold Season 5, 2015 .mp3
Feb 28 08:32 : update: added /Clean Bandit - Rockabye ft. Sean Paul & Anne-Marie _Official Video_ ( 256kbps cbr ).mp3
Feb 28 08:32 : update: added /Don Omar, Shakira, Pitbull - Danza Rabiosa Kuduro.mp3
Feb 28 08:32 : update: added /Polozhenie (Zedline Remix) ( 256kbps cbr ).mp3
Feb 28 08:32 : update: added /BLACKPINK - ‘뚜두뚜두 (DDU-DU DDU-DU)’ M_V ( 256kbps cbr ).mp3
Feb 28 08:32 : update: added /Hero _ Overwatch Soundtrack_ Animated Shorts ( 256kbps cbr ).mp3
Feb 28 08:32 : update: added /7.- la carencia.mp3
Feb 28 08:32 : update: added /Hold On Tight.mp3
Feb 28 08:32 : update: added /072 ON THE FLOOR.mp3
Feb 28 08:32 : update: added /MAKJ  Timmy Trumpet  Party Till We Die feat Andrew WK.mp3
Feb 28 08:32 : update: added /psy_gangnam_style.mp3
Feb 28 08:32 : update: added /Witch Encounter - LilDeuceDeuce.mp3
Feb 28 08:32 : update: added /Rap God ( 256kbps cbr ).mp3
Feb 28 08:32 : update: added /Mega Francesita.mp3
Feb 28 08:32 : update: added /Madcon - Beggin.mp3
Feb 28 08:32 : update: added /N.A.S.A. - _Whachadoin__ (feat. M.I.A., Spank Rock, Santogold, & Nick Zinner) ( 256kbps cbr ).mp3
Feb 28 08:32 : update: added /Don Diablo - We Are Love   Official Music Video.mp3
Feb 28 08:32 : update: added /Sofia Reyes -  R.I.P. (feat. Rita Ora & Anitta) _Official Vertical Video_ ( 256kbps cbr ).mp3
Feb 28 08:32 : update: added /pitbull ft lil jon - the ant (1).mp3
Feb 28 08:32 : update: added /TWICE(트와이스) 'TT' MV.mp3
Feb 28 08:32 : update: added /Sabrina Carpenter - Looking at Me (Audio Only) ( 256kbps cbr ).mp3
Feb 28 08:32 : update: added /Don't Stop The Party - Pitbull ft. TJR.mp3
Feb 28 08:32 : update: added /Tear it Down - Tiësto ( 256kbps cbr ).mp3
Feb 28 08:32 : update: added /ATEEZ(에이티즈) - 'WONDERLAND' Official MV ( 256kbps cbr ).mp3
Feb 28 08:32 : update: added /Despacito (Lyrics) - Luis Fonsi ft. Daddy Yankee.mp3
Feb 28 08:32 : update: added /I Am Blue - (Da Ba Dee) REMIX [AwesomiZer]  Electro House.mp3
Feb 28 08:32 : update: added /Ven A Bailar Jennifer Lopez feat. Pitbull.mp3
Feb 28 08:32 : update: added /Bella Ciao (Música Original de la Serie la Casa de Papel_ Money Heist) ( 256kbps cbr ).mp3
Feb 28 08:32 : update: added /Frijolero ( 256kbps cbr ).mp3
Feb 28 08:32 : update: added /NEONI - Darkside (lyric video) ( 256kbps cbr ).mp3
Feb 28 08:32 : update: added /Pitbull ft Alex Saidac P.mp3
Feb 28 08:32 : update: added /Radioactive-Imagine Dragons (Lyrics).mp3
Feb 28 08:32 : update: added /Gangsta's Paradise (feat. L.V.) ( 256kbps cbr ).mp3
Feb 28 08:32 : update: added /Sunflower (Spider-Man_ Into the Spider-Verse) ( 256kbps cbr ).mp3
Feb 28 08:32 : update: added /Trama en Movimiento (Audio official) Garena Free Fire ( 256kbps cbr ).mp3
Feb 28 08:32 : update: added /DJ Snake - Magenta Riddim.mp3
Feb 28 08:32 : update: added /Earthquake (Noisia Remix) ( 256kbps cbr ).mp3
Feb 28 08:32 : update: added /Don Omar, Farruko - Ramayama ( 256kbps cbr ).mp3
Feb 28 08:32 : update: added /Gloria Trevi - Me Lloras ft. Charly Black ( 256kbps cbr ).mp3
Feb 28 08:32 : update: added /Keys N Krates - Dum Dee Dum (JiKay Remix).mp3
Feb 28 08:32 : update: added /David Guetta feat. Nicki Minaj & Afrojack - Hey Mama (DISTO Remix) ( 256kbps cbr ).mp3
Feb 28 08:32 : update: added /Rumble In The Jungle (Original Mix) ( 256kbps cbr ).mp3
Feb 28 08:32 : update: added /Alan Walker - Fade [NCS Release].mp3
Feb 28 08:32 : update: added /BEATz Go Boom.mp3
Feb 28 08:32 : update: added /Shakira, David - Waka, Waving.mp3
Feb 28 08:32 : update: added /Beat It.mp3
Feb 28 08:32 : update: added /Twisted Nerve ( 256kbps cbr ).mp3
Feb 28 08:32 : update: added /Honor and Glory _ Overwatch Soundtrack_ Animated Shorts ( 256kbps cbr ).mp3
Feb 28 08:32 : update: added /Awaken (ft. Valerie Broussard) _ Season 2019 Cinematic - League of Legends ( 256kbps cbr ).mp3
Feb 28 08:32 : update: added /DJ Snake - Let Me Love You ft. Justin Bieber.mp3
Feb 28 08:32 : update: added /Thumbs [FazMusic.Net].mp3
Feb 28 08:32 : update: added /Ryan Castro  Malory  Video Letra.mp3
Feb 28 08:32 : update: added /China Anne McClain - Night Is Young (From Descendants Wicked World).mp3
Feb 28 08:32 : update: added /Mueve La Pompa.mp3
Feb 28 08:32 : update: added /Lil Nas X Katy Perry Industry Baby vs ET Mashup.mp3
Feb 28 08:32 : update: added /Gonna Make You Sweat (Everybody Dance Now).mp3
Feb 28 08:32 : update: added /Ava Max  My Head  My Heart Official Lyric Video.mp3
Feb 28 08:32 : update: added /Follow Me Follow Me Quem Que Caguetou Fast 5 Hybrid Remix.mp3
Feb 28 08:32 : update: added /Inténtalo (feat. América Sierra & El Bebeto).mp3
Feb 28 08:32 : update: added /Imagine Dragons - Natural ( 256kbps cbr ).mp3
Feb 28 08:32 : update: added /2 Chainz & Wiz Khalifa - We Own It (Fast & Furious) (Lyric Video).mp3
Feb 28 08:32 : update: added /Bam Bam ( 256kbps cbr ).mp3
Feb 28 08:32 : update: added /[Electro] Dex Arson - Payload.mp3
Feb 28 08:32 : update: added /Abraham Mateo Señorita Official Video.mp3
Feb 28 08:32 : update: added /Bomba Estéreo, Leonel García - Como Lo Pedí (Audio) ( 256kbps cbr ).mp3
Feb 28 08:32 : update: added /La Campanella.mp3
Feb 28 08:32 : update: added /Manu Chao - Me Gustas Tu ( 256kbps cbr ).mp3
Feb 28 08:32 : update: added /F-777 - The 7 Seas.mp3
Feb 28 08:32 : update: added /Don Omar - Guaya Guaya (Audio) ( 256kbps cbr ).mp3
Feb 28 08:32 : update: added /Calvin Harris - Open Wide (Official Video) ft. Big Sean ( 256kbps cbr ).mp3
Feb 28 08:32 : update: added /Echame La Culpa.mp3
Feb 28 08:32 : update: added /F-777 - Pirate Dance Machine (FULL ALBUM).mp3
Feb 28 08:32 : update: added /Eye Of The Storm ( 256kbps cbr ).mp3
Feb 28 08:32 : update: added /I’m So Sorry ( 256kbps cbr ).mp3
Feb 28 08:32 : update: added /Tungevaag, Raaban  - Bad Boy (Official Video) ( 256kbps cbr ).mp3
Feb 28 08:32 : update: added /Skrillex & Damian _Jr. Gong_ Marley - Make It Bun Dem _OFFICIAL VIDEO_ ( 256kbps cbr ).mp3
Feb 28 08:32 : update: added /wisin & yandel - abusadora [la revoluci㮝.mp3
Feb 28 08:32 : update: added /Armin van Buuren - Blah Blah Blah (Official Lyric Video) ( 256kbps cbr ).mp3
Feb 28 08:32 : update: added /Alone%20-%20Alan%20Walker_%20Noonie%20Bao%20[MP3%20128kbps].mp3
Feb 28 08:32 : update: added /-Red Riot Theme _My Hero Academia- ( 256kbps cbr ).mp3
Feb 28 08:32 : update: added /003 el coco no -roberto junior y su bandeÑo   .mp3
Feb 28 08:32 : update: added /K_DA - VILLAIN ft. Madison Beer and Kim Petras (Official Audio) ( 256kbps cbr ).mp3
Feb 28 08:32 : update: added /Pena de amor.mp3
Feb 28 08:32 : update: added /Alan Walker & Ava Max - Alone, Pt. II ( 256kbps cbr ).mp3
Feb 28 08:32 : update: added /True Damage - GIANTS (ft. Becky G, Keke Palmer, SOYEON, DUCKWRTH, Thutmose) _ League of Legends ( 256kbps cbr ).mp3
Feb 28 08:32 : update: added /Wait, I Can Do That Better ( 256kbps cbr ).mp3
Feb 28 08:32 : update: added /Marshmello - Alone (Official Music Video).mp3
Feb 28 08:32 : update: added /Diplo - Set Me Free (feat. Liz) (Official Music Video) ( 256kbps cbr ).mp3
Feb 28 08:32 : update: added /Ryan Castro - Mujeriego ( 256kbps cbr ).mp3
Feb 28 08:32 : update: added /SuaveCulo Elves Crespo Vs. Pitbull.mp3
Feb 28 08:32 : update: added /Cardi B, Bad Bunny & J Balvin - I Like It _Dillon Francis Remix_ ( 256kbps cbr ).mp3
Feb 28 08:32 : update: added /Sucker for Pain - Lil Wayne, Wiz Khalifa & Imagine Dragons w Logic & Ty Dolla $ign ft X Ambassadors (2).mp3
Feb 28 08:32 : update: added /Deorro - Bailar feat. Elvis Crespo (Cover Art) ( 256kbps cbr ).mp3
Feb 28 08:32 : update: added /Electro-Light - Symbolism [NCS Release].mp3
Feb 28 08:32 : update: added /Pokemon Sol y Luna Ultra Adventures Opening 2 ESPAÑOL LATINO OFICIAL con LETRA ( 256kbps cbr ).mp3
Feb 28 08:32 : update: added /Ina Wroldsen - Strongest (Alan Walker Remix) ( 256kbps cbr ).mp3
Feb 28 08:32 : update: added /Becky G - MALA SANTA (Álbum Visual) ( 256kbps cbr ).mp3
Feb 28 08:32 : update: added /Live It Up (Official Video) - Nicky Jam feat. Will Smith & Era Istrefi (2018 FIFA World Cup Russia) ( 256kbps cbr ).mp3
Feb 28 08:32 : update: added /Young Thug, 2 Chainz, Wiz Khalifa & PnB Rock – Gang Up (The Fate of the Furious_ The Album) _VIDEO_ ( 256kbps cbr ).mp3
Feb 28 08:32 : update: added /Seven Nation Army.mp3
Feb 28 08:32 : update: added /Chamillionaire - Ridin' (Official Music Video) ft. Krayzie Bone ( 256kbps cbr ).mp3
Feb 28 08:32 : update: added /♫ Dragons - A Minecraft Parody song of Radioactive By Imagine Dragons (Music Video) Animation.mp3
Feb 28 08:32 : update: added /Ilumina - Beatz   Free Fire x Squad Beatz.mp3
Feb 28 08:32 : update: added /Teeth Deeper ( 256kbps cbr ).mp3
Feb 28 08:32 : update: added /Disfigure - Blank.mp3
Feb 28 08:32 : update: added /gigantes%20de%20acero%20musica(give%20it%20go).mp3
Feb 28 08:32 : update: added /La Habana.mp3
Feb 28 08:32 : update: added /ZAYDE WOLF - TOP OF THE WORLD (Audio) - DUDE PERFECT - STEEP ALASKA ( 256kbps cbr ).mp3
Feb 28 08:32 : update: added /El Pregonero De Campeche ( 256kbps cbr ).mp3
Feb 28 08:32 : update: added /Ashes - Stellar (Official Lyric Video) ( 256kbps cbr ).mp3
Feb 28 08:32 : update: added /Rave in the Grave ( 256kbps cbr ).mp3
Feb 28 08:32 : update: added /Sabor a Mix ( 256kbps cbr ).mp3
Feb 28 08:32 : update: added /TheFatRat  Everen Maxwell  Warbringer feat Lindsey Stirling Chapter 7.mp3
Feb 28 08:32 : update: added /Bad Piggies Theme.mp3
Feb 28 08:32 : update: added /Ciao Adios.mp3
Feb 28 08:32 : update: added /Beto Castillo - De nada (De Moana).mp3
Feb 28 08:32 : update: added /OMFG - Hello.mp3
Feb 28 08:32 : update: added /baby rasta & gringo ft daddy yankee - la la la la (official remix)50.mp3
Feb 28 08:32 : update: added /Skrillex & Rick Ross - Purple Lamborghini [Official Video].mp3
Feb 28 08:32 : update: added /The Black Eyed Peas - The Time (Dirty Bit).mp3
Feb 28 08:32 : update: added /Diplo - Revolution (feat. Faustix & Imanos and Kai) _Official Music Video_ ( 256kbps cbr ).mp3
Feb 28 08:32 : update: added /María%20(Pablo%20Flores%20Spanglish%20Radio%20Edit).mp3
Feb 28 08:32 : update: added /Lost In Blue ( 256kbps cbr ).mp3
Feb 28 08:32 : update: added /Crazy Frog - Axel F.mp3
Feb 28 08:32 : update: added /Alan Walker & Ruben – Heading Home (Official Music Video) ( 256kbps cbr ).mp3
Feb 28 08:32 : update: added /Pokémon_ Atraparlos ya! Opening Full _Versión Disco_ (Español Latino) ( 256kbps cbr ).mp3
Feb 28 08:32 : update: added /J.Cole - Who dat_ _Official Single_ _Dirty_ ( 256kbps cbr ).mp3
Feb 28 08:32 : update: added /We On ( 256kbps cbr ).mp3
Feb 28 08:32 : update: added /K_DA - THE BADDEST ft. (G)I-DLE, Bea Miller, Wolftyla (Video oficial _Letra_) _ League of Legends ( 256kbps cbr ).mp3
Feb 28 08:32 : update: added /Steve Aoki & Alan Walker - Are You Lonely feat. ISAK (Lyric Video) _Ultra Music_ ( 256kbps cbr ).mp3
Feb 28 08:32 : update: added /Le Freak.mp3
Feb 28 08:32 : update: added /K_DA - DRUM GO DUM ft. Aluna, Wolftyla, Bekuh BOOM (Official Audio) ( 256kbps cbr ).mp3
Feb 28 08:32 : update: added /3BallMTY - Quiero Bailar (All Through The Night) ft. Becky G.mp3
Feb 28 08:32 : update: added /Danza Kuduro 2019 (Diamont Dr) ( 256kbps cbr ).mp3
Feb 28 08:32 : update: added /Freaks vs. I Like To Move It vs. Calabria - Timmy Trumpet vs. Rune RK (Kazajak mashup).mp3
Feb 28 08:32 : update: added /Omnia ( 256kbps cbr ).mp3
Feb 28 08:32 : update: added /Heathens.mp3
Feb 28 08:32 : update: added /Lil Nas X - MONTERO (Call Me By Your Name) (Official Video) ( 256kbps cbr ).mp3
Feb 28 08:32 : update: added /16 Shots - Stefflon Don.mp3
Feb 28 08:32 : update: added /Jennifer Lopez ft Fabolous - Get Right ( Rap Remix ) [1080pHD].mp3
Feb 28 08:32 : update: added /Pentatonix - God Rest Ye Merry Gentlemen (Official Video).mp3
Feb 28 08:32 : update: added /whatta-man-seven-nation-army-official-audio.mp3
Feb 28 08:32 : update: added /Becky G - Can't Stop Dancin' ( 256kbps cbr ).mp3
Feb 28 08:32 : update: added /Do Ya Think Im Sexy.mp3
Feb 28 08:32 : update: added /The Score - Born For This (Official Audio) ( 256kbps cbr ).mp3
Feb 28 08:32 : update: added /Sofia Carson - Back to Beautiful (Official Video) ft. Alan Walker ( 256kbps cbr ).mp3
Feb 28 08:32 : update: added /J Balvin Jeon Anitta Machika Official Video.mp3
Feb 28 08:32 : update: added /El Sonidito.mp3
Feb 28 08:32 : update: added /Raffa FL - Ritmo (HUGEL Edit) (Official Visualiser).mp3
Feb 28 08:32 : update: added /TheFatRat & Maisy Kay - The Storm (Lyrics) ( 256kbps cbr ).mp3
Feb 28 08:32 : update: added /Ah Yeah So What WAYF Edit.mp3
Feb 28 08:32 : update: added /Ariana Grande - Side To Side ft. Nicki Minaj.mp3
Feb 28 08:32 : update: added /Pharrell - Happy (Despicable Me 2 - Lyric Video).mp3
Feb 28 08:32 : update: added /Daddy Yankee - Limbo.mp3
Feb 28 08:32 : update: added /Calvin Harris - Outside ft. Ellie Goulding.mp3
Feb 28 08:32 : update: added /Annella - Trouble ( 256kbps cbr ).mp3
Feb 28 08:32 : update: added /Survivor - Eye Of The Tiger.mp3
Feb 28 08:32 : update: added /El santo, El cavernario, Blue Demon y El Bulldog.mp3
Feb 28 08:32 : update: added /Dragons _ Overwatch Soundtrack_ Animated Shorts ( 256kbps cbr ).mp3
Feb 28 08:32 : update: added /The Traveling Song ( 256kbps cbr ).mp3
Feb 28 08:32 : update: added /Club Can't Handle Me (feat. David Guetta) ( 256kbps cbr ).mp3
Feb 28 08:32 : update: added /Pitbull - Piensas ft. Gente De Zona.mp3
Feb 28 08:32 : update: added /Cancion del Vengador fantasma.mp3
Feb 28 08:32 : update: added /2WEI  - Toxic (Official Britney Spears Epic Cover) ( 256kbps cbr ).mp3
Feb 28 08:32 : update: added /LISA - 'MONEY' EXCLUSIVE PERFORMANCE VIDEO ( 256kbps cbr ).mp3
Feb 28 08:32 : update: added /Heart Of Glass.mp3
Feb 28 08:32 : update: added /Shannon Reel ( 256kbps cbr ).mp3
Feb 28 08:32 : update: added /Survivor ( 256kbps cbr ).mp3
Feb 28 08:32 : update: added /WW  Blasterjaxx  Rocket.mp3
Feb 28 08:32 : update: added /F-777 - 4. Monster Dance Off (The Dancing Dead) ( 256kbps cbr ).mp3
Feb 28 08:32 : update: added /Caramella Girls - Caramelldansen HD Version (Swedish Original) Official.mp3
Feb 28 08:32 : update: added /Don Omar тЭМ Daddy Yankee    Hasta Abajo ( Remix Oficial PROTOTYPE 2.0 ).mp3
Feb 28 08:32 : update: added /Spektrem - Shine [NCS Release].mp3
Feb 28 08:32 : update: added /Ant-Man and the Wasp - Official Trailer - 1 Music (2018) - FULL CLEAN VERSION ( 256kbps cbr ).mp3
Feb 28 08:32 : update: added /Letra The Time (Dirty Bit) - Black Eyed Peas.mp3
Feb 28 08:32 : update: added /Don Omar - Taboo.mp3
Feb 28 08:32 : update: added /DUCKWRTH & Shaboozey - Start a Riot _ Spider-Man_ Into the Spider-Verse OST ( 256kbps cbr ).mp3
Feb 28 08:32 : update: added /LSD - Genius ft. Sia, Diplo, Labrinth ( 256kbps cbr ).mp3
Feb 28 08:32 : update: added /Contradiction (From  The God of High School ).mp3
Feb 28 08:32 : update: added /Arte (From “No Manches Frida 2” Soundtrack) ( 256kbps cbr ).mp3
Feb 28 08:32 : update: added /Lead Your Partner.mp3
Feb 28 08:32 : update: added /Daddy Yankee - Lovumba.mp3
Feb 28 08:32 : update: added /Amine - Invincible _ Spider-Man_ Into the Spider-Verse OST ( 256kbps cbr ).mp3
Feb 28 08:32 : update: added /Maluma%20 %20Corazón%20(Official%20Video)%20ft%20Nego%20do%20Borel.mp3
Feb 28 08:32 : update: added /Bella Ciao ( 256kbps cbr ).mp3
Feb 28 08:32 : update: added /Suicide Squad (Harley Quinn)  - You Don't Own Me.mp3
Feb 28 08:32 : update: added /Sean Paul, David Guetta - Mad Love ft. Becky G ( 256kbps cbr ).mp3
Feb 28 08:32 : update: added /THYPONYX - Seven Nation Army.mp3
Feb 28 08:32 : update: added /Ahrix - Nova [NCS Release].mp3
Feb 28 08:32 : update: added /La película Pokémon_ Volcanion y la maravilla mecánica _ Opening _ _Español Latino_ ( 256kbps cbr ).mp3
Feb 28 08:32 : update: added /There's Nothing Holdin' Me Back.mp3
Feb 28 08:32 : update: added /El Matador - Video musical de Halo 3.mp3
Feb 28 08:32 : update: added /The Score - Higher (Official Audio) ( 256kbps cbr ).mp3
Feb 28 08:32 : update: added /Faded (Restrung).mp3
Feb 28 08:32 : update: added /Martin Garrix  Jay Hardway  Wizard Official Music Video.mp3
Feb 28 08:32 : update: added /Elle King - Ex's & Oh's (Audio).mp3
Feb 28 08:32 : update: added /Hasta El Amanecer Remix - Nicky Jam Ft. Daddy Yankee  Video lyric.mp3
Feb 28 08:32 : update: added /Outasight - The Boogie _ Spider-Man_ Into the Spider-Verse OST ( 256kbps cbr ).mp3
Feb 28 08:32 : update: added /The Score - Unstoppable (Lyric Video) ( 256kbps cbr ).mp3
Feb 28 08:32 : update: added /Get Ready (Steve Aoki Remix) OFFICIAL AUDIO - 2 Unlimited.mp3
Feb 28 08:32 : update: added /The Jacksons  Blame It on the Boogie Official Audio.mp3
Feb 28 08:32 : update: added /Sube Las Manos Pa' Arriba - Pitbull (Official song).mp3
Feb 28 08:32 : update: added /04 - sweet dreams.mp3
Feb 28 08:32 : update: added /Maluma,La Vida Es Un Carnaval [Letras].mp3
Feb 28 08:32 : update: added /Mucha lucha ( 256kbps cbr ).mp3
Feb 28 08:32 : update: added /Oorora - Tenko.mp3
Feb 28 08:32 : update: added /Fall Out Boy - Centuries (Official Music Video) ( 256kbps cbr ).mp3
Feb 28 08:32 : update: added /Afro Circus  I Like to Move It (Chris Rock & Danny Jacobs) ( 256kbps cbr ).mp3
Feb 28 08:32 : update: added /Blasterjaxx  Gravity Original Mix.mp3
Feb 28 08:32 : update: added /Alan Walker - Spectre [NCS Release].mp3
Feb 28 08:32 : update: added /Blasterjaxx  Snake Original Mix OUT NOW.mp3
Feb 28 08:32 : update: added /AC_DC - Back In Black (Official Music Video) ( 256kbps cbr ).mp3
Feb 28 08:32 : update: added /Kakegurui Ost - Momobami Clan Theme _Emotional Anime Track - 1_ ( 256kbps cbr ).mp3
Feb 28 08:32 : update: added /04 sexy and i know it(1).mp3
Feb 28 08:32 : update: added /Sway.mp3
Feb 28 08:32 : update: added /Steven Universe MV Overtime.mp3
Feb 28 08:32 : update: added /MDK - Fingerbang _Free Download_ ( 256kbps cbr ).mp3
Feb 28 08:32 : update: added /Steve Void - Sweet Dreams (Are Made of This) _Strange Fruits Release_ ( 256kbps cbr ).mp3
Feb 28 08:32 : update: added /BLACKPINK - 'How You Like That' M_V ( 256kbps cbr ).mp3
Feb 28 08:32 : update: added /Cream x Salio El Sol MOW Transition 128110  Tujamo  Danny Avila x Don Omar.mp3
Feb 28 08:32 : update: added /Willy William - Ego (Clip Officiel) ( 256kbps cbr ).mp3
Feb 28 08:32 : update: added /Gipsy Kings - Bamboléo (Official Video) ( 256kbps cbr ).mp3
Feb 28 08:32 : update: added /Ava Max  Sweet but Psycho Lyrics.mp3
Feb 28 08:32 : update: added /Tokyo Drift (Instrumental Slowed).mp3
Feb 28 08:32 : update: added /WISIN Y YANDEL - QUE VIVA LA VIDA (NEED FOR SPEED SOUNDTRACK) NEW 2013-2014.mp3
Feb 28 08:32 : update: added /Sak Noel & Salvi ft. Sean Paul - Trumpets (Official Video).mp3
Feb 28 08:32 : update: added /Bonita.mp3
Feb 28 08:32 : update: added /Tristam - Follow Me.mp3
Feb 28 08:32 : update: added /Donde Te Agarro El Temblor.mp3
Feb 28 08:32 : update: added /Becky G, El Alfa - Fulanito (Official Video) ( 256kbps cbr ).mp3
Feb 28 08:32 : update: added /Chico & The Gypsies - Bamboleo ( 256kbps cbr ).mp3
Feb 28 08:32 : update: added /Unknown Brain x Rival - Control (feat. Jex)   Trap   NCS - Copyright Free Music.mp3
Feb 28 08:32 : update: added /Claim Your Glory  Full Length Song I 2022 Pokémon World Championships Theme.mp3
Feb 28 08:32 : update: added /Woodkid - Run Boy Run (Official HD Video).mp3
Feb 28 08:32 : update: added /Dura.mp3
Feb 28 08:32 : update: added /Tom Waits -  Underground.mp3
Feb 28 08:32 : update: added /Rapido Y Furioso Reto Tokio - fiu fiu.mp3
Feb 28 08:32 : update: added /Pink Killer - Kapella LIVE _ GARENA FREE FIRE ( 256kbps cbr ).mp3
Feb 28 08:32 : update: added /Hotel Transylvania MUSIC VIDEO - Monster Remix (2012) Adam Sandler Animated Movie HD.mp3
Feb 28 08:32 : update: added /Los Ángeles Azules - Dr. Psiquiatra ft. Gloria Trevi (Live) ( 256kbps cbr ).mp3
Feb 28 08:32 : update: added /On The Floor (slowed to perfection).mp3
Feb 28 08:32 : update: added /Calo - La Colegiala Feat. Margarita La Diosa de la Cumbia (Video Oficial).mp3
Feb 28 08:32 : update: added /Galantis - Runaway (U & I) [Premiere].mp3
Feb 28 08:32 : update: added /Tungevaag  Raaban  Samsara Feat Emila.mp3
Feb 28 08:32 : update: added /ZAYDE WOLF - WE GOT THE POWER (Official Audio)   2019 WWE Royal Rumble Theme Song.mp3
Feb 28 08:32 : update: added /Madonna - Die Another Day (Official Video).mp3
Feb 28 08:32 : update: added /Gangstas Paradise Sung By Moe Brits.mp3
Feb 28 08:32 : update: added /HAPPY   Walk off the Earth Ft Parachute.mp3
Feb 28 08:32 : update: added /J Balvin & Willy William - Mi Gente (Henry Fong Remix).mp3
Feb 28 08:32 : update: added /Chaz French - Can't Stop Us _ Spider-Man_ Into the Spider-Verse OST ( 256kbps cbr ).mp3
Feb 28 08:32 : update: added /DOLLA SIGN SLIME ( 256kbps cbr ).mp3
Feb 28 08:32 : update: added /Dile - Don omar.mp3
Feb 28 08:32 : update: added /Lady Gaga, BLACKPINK - Sour Candy (Audio) ( 256kbps cbr ).mp3
Feb 28 08:32 : update: added /Ainsi bas la vida ( 256kbps cbr ).mp3
Feb 28 08:32 : update: added /Musica%20de%20Rapidos%20&%20Furiosos%208%20(Ricky%20Martin%20Isla%20Bella).mp3
Feb 28 08:32 : update: added /Havana%20-%20Camila%20Cabello_%20Young%20Thug%20[MP3%20128kbps].mp3
Feb 28 08:32 : update: added /Martin Garrix  Bebe Rexha  In The Name Of Love Official Video.mp3
Feb 28 08:32 : update: added /Bingo Players - Rattle (Original Mix) ( 256kbps cbr ).mp3
Feb 28 08:32 : update: added /Major Lazer - Too Original (feat. Elliphant & Jovi Rockwell) (Official Lyric Video) ( 256kbps cbr ).mp3
Feb 28 08:32 : update: added /Hide and Seek ( 256kbps cbr ).mp3
Feb 28 08:32 : update: added /J Balvin - Safari ft. Pharrell Williams, BIA, Sky.mp3
Feb 28 08:32 : update: added /Adam Jensen - The Hunter (Official Audio) ( 256kbps cbr ).mp3
Feb 28 08:32 : update: added /Alan Walker - Avem (The Aviation Theme) ( 256kbps cbr ).mp3
Feb 28 08:32 : update: added /Lila Downs - La Llorona (En Vivo).mp3
Feb 28 08:32 : update: added /Oye.mp3
Feb 28 08:32 : update: added /Alan Walker - I Don't Wanna Go (Official Lyric Video) ( 256kbps cbr ).mp3
Feb 28 08:32 : update: added /Queen - 'We Will Rock You'.mp3
Feb 28 08:32 : update: added /Rapido y furioso reto tokio - Six Days.mp3
Feb 28 08:32 : update: added /Quintino - Carnival (Official Music Video) ( 256kbps cbr ).mp3
Feb 28 08:32 : update: added /Ricky Martin - La Mordidita (Official Video) ft. Yotuel.mp3
Feb 28 08:32 : update: added /Spaceman ( 256kbps cbr ).mp3
Feb 28 08:32 : update: added /Just Tryna (feat. Dylan Brady) ( 256kbps cbr ).mp3
Feb 28 08:32 : update: added /Sia - Cheap Thrills Ft. Sean Paul [Lyrics] New 2016.mp3
Feb 28 08:32 : update: added /Celia Cruz - La Negra Tiene Tumbao.mp3
Feb 28 08:32 : update: added /Marshmello x PatoAventuras - Fly (Vídeo Musical) ( 256kbps cbr ).mp3
Feb 28 08:32 : update: added /Kendrick Lamar, SZA - All The Stars ( 256kbps cbr ).mp3
Feb 28 08:32 : update: added /Darude - Sandstorm ( 256kbps cbr ).mp3
Feb 28 08:32 : update: added /bury a friend (Audio) - Billie Eilish.mp3
Feb 28 08:32 : update: added /HERO A ( 256kbps cbr ).mp3
Feb 28 08:32 : update: added /Vicente Fernández - Para Siempre ( 256kbps cbr ).mp3
Feb 28 08:32 : update: added /INNA - Gimme Gimme _ Official Music Video ( 256kbps cbr ).mp3
Feb 28 08:32 : update: added /Rango Open Title (long version) ( 256kbps cbr ).mp3
Feb 28 08:32 : update: added /Prelude ( 256kbps cbr ).mp3
Feb 28 08:32 : update: added /WITCHZ  The Magick.mp3
Feb 28 08:32 : update: added /Prrrum (Remix) ( 256kbps cbr ).mp3
Feb 28 08:32 : update: added /mosa mosa asi voce me mata - youtube.mp3
Feb 28 08:32 : update: added /Kygo - Stranger Things ft. OneRepublic (Alan Walker Remix) ( 256kbps cbr ).mp3
Feb 28 08:32 : update: added /Lindsey Stirling  Senbonzakura Kurousa Cover.mp3
Feb 28 08:32 : update: added /Grace - You Don't Own Me (Audio) ft. G-Eazy.mp3
Feb 28 08:32 : update: added /Don Omar - Angelito.mp3
Feb 28 08:32 : update: added /(8D) K_DA, Madison Beer & (G)I-DLE - More (feat. Lexie Liu, Jaira Burns, Seraphine) ( 256kbps cbr ).mp3
Feb 28 08:32 : update: added /Enrique Iglesias - SUBEME LA RADIO ft. Descemer Bueno, Zion & Lennox.mp3
Feb 28 08:32 : update: added /Rumba ChaChaCha.mp3
Feb 28 08:32 : update: added /Pedro Fernandez; Yo Soy El Aventurero __ Letra ( 256kbps cbr ).mp3
Feb 28 08:32 : update: added /por-que-te-vas.mp3
Feb 28 08:32 : update: added /Estupido.mp3
Feb 28 08:32 : update: added /Lisa x Rihanna   Rude Boy & How You Like That & Money & Typa Girl & Shoong MASHUP & Remix By ASH.mp3
Feb 28 08:32 : update: added /Galantis ft Charli XCX  WE ARE BORN TO PLAY Lyrics.mp3
Feb 28 08:32 : update: added /savage-audio.mp3
Feb 28 08:32 : update: added /Corona  The Rhythm of the Night Official Music Video.mp3
Feb 28 08:32 : update: added /Buyou ( 256kbps cbr ).mp3
Feb 28 08:32 : update: added /Minions Papaya Dance Remix.mp3
Feb 28 08:32 : update: added /LMFAO (ft Natalia Kills) - Champagne Showers.mp3
Feb 28 08:32 : update: added /Ed Sheeran - Shape Of You [Official Lyric Video].mp3
Feb 28 08:32 : update: added /Pacific Rim (feat. Tom Morello).mp3
Feb 28 08:32 : update: added /California Dreamin TekHouse Extended.mp3
Feb 28 08:32 : update: added /Timmy Trumpet & Savage - Freaks (Official Video) ( 256kbps cbr ).mp3
Feb 28 08:32 : update: added /Classical Violin.mp3
Feb 28 08:32 : update: added /side to lean on.mp3
Feb 28 08:32 : update: added /Parle à ta tête ( 256kbps cbr ).mp3
Feb 28 08:32 : update: added /Fake Blood - I Think I Like It (We Are Your Friends Soundtrack) ( 256kbps cbr ).mp3
Feb 28 08:32 : update: added /Mashup of absolutely every TheFatRat song ever Super Extended.mp3
Feb 28 08:32 : update: added /Right Round ( 256kbps cbr ).mp3
Feb 28 08:32 : update: added /A Million on My Soul ( 256kbps cbr ).mp3
Feb 28 08:32 : update: added /New Thang ( 256kbps cbr ).mp3
Feb 28 08:32 : update: added /Hawaii Five-O - Theme Song [Full Version].mp3
Feb 28 08:32 : update: added /Don Omar - Virtual Diva.mp3
Feb 28 08:32 : update: added /MYLØ ft Zafra Negra  Sufriendo Lyrics.mp3
Feb 28 08:32 : update: added /INNA feat. J Balvin Cola song LETRA-1.mp3
Feb 28 08:32 : update: added /Trinidad Cardona - Dinero ( 256kbps cbr ).mp3
Feb 28 08:32 : update: added /Garmiani - Jump & Sweat (feat. Sanjin) (Audio) I Dim Mak Records ( 256kbps cbr ).mp3
Feb 28 08:32 : update: added /Cee Lo Green - Kung Fu Fighting (Official Video DVD Version).mp3
Feb 28 08:32 : update: added /Pitbull -Oye (The 2 Fast 2 Furious Soundtrack) (HQ) - YouTube.flv ( 256kbps cbr ).mp3
Feb 28 08:32 : update: added /RUN-DMC -- It's Tricky (DJ Fresh Remix) ( 256kbps cbr ).mp3
Feb 28 08:32 : update: added /Chayanne - Salomé ( 256kbps cbr ).mp3
Feb 28 08:32 : update: added /Climax  El Za Za Za Mesa Que Más Aplauda Lyrics.mp3
Feb 28 08:32 : update: added /Cachondea - Fruko y Sus Tesos   [ Discos Fuentes ]  (Video Oficial).mp3
Feb 28 08:32 : update: added /Night Falls ( 256kbps cbr ).mp3
Feb 28 08:32 : update: added /Reggaeton - Zumba Don Omar.mp3
Feb 28 08:32 : update: added /Alan Walker & Torine - Hello World (Official Music Video) ( 256kbps cbr ).mp3
Feb 28 08:32 : update: added /Money Dance ( 256kbps cbr ).mp3
Feb 28 08:32 : update: added /Manu Chao - La Primavera (Official Audio).mp3
Feb 28 08:32 : update: added /Despicable Me ( 256kbps cbr ).mp3
Feb 28 08:32 : update: added /Edward Maya & Vika Jigulina - Stereo Love (Official Music Video) ( 256kbps cbr ).mp3
Feb 28 08:32 : update: added /Bemax  Ahegao.mp3
Feb 28 08:32 : update: added /Play with Fire ( 256kbps cbr ).mp3
Feb 28 08:32 : update: added /Daddy Yankee  Myke Towers  Gasolina Safari Riot Remix.mp3
Feb 28 08:32 : update: added /Pegboard Nerds & Tristam - Razor Sharp (Electro Remix).mp3
Feb 28 08:32 : update: added /Krazy.mp3
Feb 28 08:32 : update: added /Sevyn Streeter - How Bad Do You Want It (Desi Edit).mp3
Feb 28 08:32 : update: added /Mario - Skippin' ( 256kbps cbr ).mp3
Feb 28 08:32 : update: added /Issues%20Alan%20Walker%20Remix_%20-%20Alan%20Walker_%20[MP3%20128kbps].mp3
Feb 28 08:32 : update: added /Hot Stuff 12 Version.mp3
Feb 28 08:32 : update: added /AC_DC - Thunderstruck (Official Music Video) ( 256kbps cbr ).mp3
Feb 28 08:32 : update: added /Fall Out Boy  Light Em Up Hoober Remix.mp3
Feb 28 08:32 : update: added /Scared of the Dark ( 256kbps cbr ).mp3
Feb 28 08:32 : update: added /Little Swing ( 256kbps cbr ).mp3
Feb 28 08:32 : update: added /Jason Derulo   Swalla ft  Nicki Minaj & Ty Dolla $ign Clean Free Download ( 256kbps cbr ).mp3
Feb 28 08:32 : update: added /Rvssian, Farruko, J Balvin - Ponle (Official Video) ( 256kbps cbr ).mp3
Feb 28 08:32 : update: added /I Was Made For Lovin You.mp3
Feb 28 08:32 : update: added /KSHMR - Wildcard (feat. Sidnie Tipton) _Official Music Video_ ( 256kbps cbr ).mp3
Feb 28 08:32 : update: added /Enemy (from the series Arcane League of Legends) ( 256kbps cbr ).mp3
Feb 28 08:32 : update: added /Blasterjaxx  Holy Water feat Maikki Official Music Video.mp3
Feb 28 08:32 : update: added /AronChupa - I'm an Albatraoz.mp3
Feb 28 08:32 : update: added /Fifth Harmony - Worth It ft. Kid Ink.mp3
Feb 28 08:32 : update: added /Ooh Ahh (My Life Be Like) (feat. Toby Mac) ( 256kbps cbr ).mp3
Feb 28 08:32 : update: added /Tinkerbell.mp3
Feb 28 08:32 : update: added /EMF - Unbelievable (Official Music Video) HD.mp3
Feb 28 08:32 : update: added /pitbull - calle ocho389.mp3
Feb 28 08:32 : update: added /La Cumbia De Los Ferrocarriles  La Nueva Orquesta Sonidera  Limpia 2018.mp3
Feb 28 08:32 : update: added /RUDE BOY x SM Rihanna Mashup Full TikTok Remix.mp3
Feb 28 08:32 : update: added /Runnin' - Adam Lambert (Lyrics) ( 256kbps cbr ).mp3
Feb 28 08:32 : update: added /don_omar_ft_wisin___yandel___no_se_de_ella.mp3
Feb 28 08:32 : update: added /Pharrell Williams - Freedom (Video) ( 256kbps cbr ).mp3
Feb 28 08:32 : update: added /Passion Pit - Take a Walk.mp3
Feb 28 08:32 : update: added /Nosotros Los Guapos (Canción Completa) ( 256kbps cbr ).mp3
Feb 28 08:32 : update: added /Entrega De Amor.mp3
Feb 28 08:32 : update: added /Warriyo - Mortals (ft. Laura Brehm) ( 256kbps cbr ).mp3
Feb 28 08:32 : update: added /DVBBS  Borgeous   TSUNAMI (Original Mix).mp3
Feb 28 08:32 : update: added /VK Mashup (From _Descendants 3__Official Video) ( 256kbps cbr ).mp3
Feb 28 08:32 : update: added /iLe - Vienen a Verme (Lyric Video) ( 256kbps cbr ).mp3
Feb 28 08:32 : update: added /Annie - Songs Remind Me of You (The Swiss & Donnie Sloan Remix) ( 256kbps cbr ).mp3
Feb 28 08:32 : update: added /ZAYDE WOLF - RUMBLE (Official Lyric Video) ( 256kbps cbr ).mp3
Feb 28 08:32 : update: added /Keys n Krates - Dum Dee Dum  LYRICS.mp3
Feb 28 08:32 : update: added /Sia - Chandelier (Official Lyric Video).mp3
Feb 28 08:32 : update: added /Don Omar - _Soy Yo_ feat. Wisin & Gente De Zona ( 256kbps cbr ).mp3
Feb 28 08:32 : update: added /Alan Walker - Diamond Heart (feat. Sophia Somajo) ( 256kbps cbr ).mp3
Feb 28 08:32 : update: added /El Paso Del Gigante ( 256kbps cbr ).mp3
Feb 28 08:32 : update: added /Cant Hold Us Southend Revolution Remix ft Ray Dalton  Macklemore  Ryan Lewis.mp3
Feb 28 08:32 : update: added /Fast Lane ( 256kbps cbr ).mp3
Feb 28 08:32 : update: added /Conga.mp3
Feb 28 08:32 : update: added /Skillet - _Feel Invincible_ _Official Music Video_ ( 256kbps cbr ).mp3
Feb 28 08:32 : update: added /Wisin - Vacaciones (Official Video).mp3
Feb 28 08:32 : update: added /Imran Khan - Satisfya (Official Music Video) ( 256kbps cbr ).mp3
Feb 28 08:32 : update: added /Legends Never Die (ft. Against The Current).mp3
Feb 28 08:32 : update: added /Cesar Rodriguez y Su Banda Mix - Chunti Pero Con Style (Video Oficial).mp3
Feb 28 08:32 : update: added /Soy mexicano esa es mi bandera (Video Oficial) Lefty SM ft. Santa Fe Klan Por Mi México ( 256kbps cbr ).mp3
Feb 28 08:32 : update: added /Melody (Radio Mix) ( 256kbps cbr ).mp3
Feb 28 08:32 : update: added /Grupo Cañaveral De Humberto Pabón - Tiene Espinas El Rosal ft. Jenny and the Mexicats (Live) ( 256kbps cbr ).mp3
Feb 28 08:32 : update: added /SPEAKERBOX -Epilogue ( 256kbps cbr ).mp3
Feb 28 08:32 : update: added /Ambiente.mp3
Feb 28 08:32 : update: added /Alan Walker ft. Gavin James - Tired ( 256kbps cbr ).mp3
Feb 28 08:32 : update: added /Get Low ( 256kbps cbr ).mp3
Feb 28 08:32 : update: added /Dimitri Vegas, Martin Garrix, Like Mike - Tremor (Official Music Video) ( 256kbps cbr ).mp3
Feb 28 08:32 : update: added /Alan x Walkers - Unity ( 256kbps cbr ).mp3
Feb 28 08:32 : update: added /Bill Conti - Gonna Fly Now (Theme From Rocky).mp3
Feb 28 08:32 : update: added /DJ Ricky Luna - Drop It (From The Step Up Revolution Motion Picture) ( 256kbps cbr ).mp3
Feb 28 08:32 : update: added /Fifth Harmony - I'm In Love With a Monster (from Hotel Transylvania 2) ( 256kbps cbr ).mp3
Feb 28 08:32 : update: added /Megan Thee Stallion Maluma Rock Mafia  Crazy Family From The Addams Family 2 Lyrics.mp3
Feb 28 08:32 : update: added /Pitbull - Fireball (Audio) ft. John Ryan.mp3
Feb 28 08:32 : update: added /Alan Walker - The Spectre.mp3
Feb 28 08:32 : update: added /Big Time Rush ( 256kbps cbr ).mp3
Feb 28 08:32 : update: added /Tacata - Tacabro.mp3
Feb 28 08:32 : update: added /MACKLEMORE & RYAN LEWIS - THRIFT SHOP FEAT. WANZ (OFFICIAL VIDEO) ( 256kbps cbr ).mp3
Feb 28 08:32 : update: added /Strong R. - Lose Control [Official Audio].mp3
Feb 28 08:32 : update: added /SoyMuyFan%20Exclusivo%20¡2018%20en%20Disney%20Channel![1].mp3
Feb 28 08:32 : update: added /LA ESPADA.mp3
Feb 28 08:34 : player: played "''cuando, cuando es.mp3"
Feb 28 08:37 : player: played "(13)danza kuduro.mp3"
Feb 28 09:13 : player: played "여자아이들GIDLE  Nxde Official Music Video.mp3"
Feb 28 09:14 : client: [4] malformed command "GET / HTTP/1.1"
Feb 28 09:16 : player: played "(여자)아이들((G)I-DLE) - 'TOMBOY' Official Music Video ( 256kbps cbr ).mp3"
Feb 28 09:20 : player: played "Ain't Seen Nothing ( 256kbps cbr ).mp3"
Feb 28 09:23 : player: played "2 Chainz & Wiz Khalifa - We Own It (Fast & Furious) (Lyric Video).mp3"
Feb 28 09:37 : player: played "2 Chainz & Wiz Khalifa - We Own It (Fast & Furious) (Lyric Video).mp3"
Feb 28 09:39 : player: played "2 Chainz & Wiz Khalifa - We Own It (Fast & Furious) (Lyric Video).mp3"
Feb 28 09:46 : player: played "2 Chainz & Wiz Khalifa - We Own It (Fast & Furious) (Lyric Video).mp3"
Feb 28 09:51 : player: played "3ball mty besos al aire.mp3"
Feb 28 09:54 : player: played "3ball mty besos al aire.mp3"
Feb 28 10:41 : player: played "3ball mty besos al aire.mp3"
Feb 28 10:41 : player: played "3ball mty besos al aire.mp3"
Feb 28 10:55 : output: Failed to play on "My Pulse Output" (pulse): suspended
Feb 28 10:55 : exception: Failed to open audio output
Feb 28 11:00 : player: played "3BallMTY - Quiero Bailar (All Through The Night) ft. Becky G.mp3"
Feb 28 11:03 : player: played "Teeth • 5 Seconds Of Summer _ Letra en español _ inglés ( 256kbps cbr ).mp3"
Feb 28 11:06 : player: played "In%20Da%20Club.mp3"
Feb 28 11:10 : player: played "Seven Nation Army.mp3"
Feb 28 11:12 : player: played "012 Antonio Banderas - El Mariachi.mp3"
Feb 28 11:25 : player: played "Runnin' - Adam Lambert (Lyrics) ( 256kbps cbr ).mp3"
Feb 28 11:29 : player: played "Aero Chord - Surface.mp3"
Feb 28 11:32 : player: played "Hold On Tight.mp3"
Feb 28 11:41 : player: played "Afrojack - Rock The House (Official Music Video) ( 256kbps cbr ).mp3"
Feb 28 11:44 : player: played "Afrojack & Martin Garrix - Turn Up The Speakers (Official Music Video) ( 256kbps cbr ).mp3"
Feb 28 11:48 : player: played "Go Gyal (Radio Edit) ( 256kbps cbr ).mp3"
Feb 28 11:57 : player: played "- OMWChallenge ( 256kbps cbr ).mp3"
Feb 28 12:05 : player: played "Alan_Walker_-_Alone__Pt._II__Live_at_Ch__teau_de_Fontainebleau_.mp3"
Feb 28 12:09 : player: played "Alan Walker - Avem (The Aviation Theme) ( 256kbps cbr ).mp3"
Feb 28 12:12 : player: played "Alan Walker - Faded.mp3"
Feb 28 12:19 : player: played "Sing Me To Sleep.mp3"
Feb 28 12:23 : player: played "Alan Walker - Spectre [NCS Release].mp3"
Feb 28 12:26 : player: played "Alan Walker - The Spectre.mp3"
Feb 28 12:30 : player: played "Alan Walker - I Don't Wanna Go (Official Lyric Video) ( 256kbps cbr ).mp3"
Feb 28 12:33 : player: played "Lily ( 256kbps cbr ).mp3"
Feb 28 12:37 : player: played "Alan Walker, Sabrina Carpenter & Farruko  - On My Way ( 256kbps cbr ).mp3"
Feb 28 12:41 : player: played "On My Way (Da Tweekaz Remix) ( 256kbps cbr ).mp3"
Feb 28 12:44 : player: played "Alan Walker & Torine - Hello World (Official Music Video) ( 256kbps cbr ).mp3"
Feb 28 12:58 : player: played "여자아이들GIDLE  Nxde Official Music Video.mp3"
Feb 28 13:02 : player: played "(여자)아이들((G)I-DLE) - 'TOMBOY' Official Music Video ( 256kbps cbr ).mp3"
Feb 28 13:07 : player: played "012 Antonio Banderas - El Mariachi.mp3"
Feb 28 13:17 : player: played "AC_DC - Thunderstruck (Official Music Video) ( 256kbps cbr ).mp3"
Feb 28 13:28 : player: played "Hasta Abajo.mp3"
Feb 28 13:31 : player: played "Don Omar тЭМ Daddy Yankee    Hasta Abajo ( Remix Oficial PROTOTYPE 2.0 ).mp3"
Feb 28 13:35 : player: played "Hasta Que Salga El Sol - Don Omar (Con Letra).mp3"
Feb 28 13:41 : player: played "Don Omar - Salio El Sol.mp3"
Feb 28 13:46 : player: played "Don Omar - Taboo.mp3"
Feb 28 13:51 : player: played "Don Omar - Virtual Diva.mp3"
Feb 28 14:36 : player: played "Don Omar - Virtual Diva.mp3"
Feb 28 19:15 : output: Failed to pause "My Pulse Output" (pulse): failed to connect the stream: Connection terminated
Feb 28 19:15 : player: played "Don Omar - Virtual Diva.mp3"
Feb 29 07:41 : player: played "Don Omar - Virtual Diva.mp3"
Feb 29 07:45 : player: played "Don Omar - Virtual Diva.mp3"
