acpi
bat
blueman
brightnessctl
btop
cameractrls
cava
cliphist
docker
fastfetch
feh
firefox
flatpak
fzf
git
git-credential-manager
git-lfs
gnome-calculator
gnome-disk-utility
gvfs
htop
hypridle
hyprland
hyprlock
hyprpaper
hyprpicker
hyprpolkitagent-git
hyprshade
hyprshot
imagemagick
kitty
libcava
lsd
mdcat
mpc
mpd
mpv
mpvpaper
nemo
neofetch
neovim
networkmanager
ntfs-3g
nwg-look
onefetch
pamixer
pavucontrol
pipewire
playerctl
pokemon-colorscripts-git
qt5-quickcontrols2
ranger
rofi-wayland
rsync
sddm
seahorse
sonata
swaync
swww
udiskie
unzip
viewnior
vlc
waybar
waypaper
wireplumber
wlogout
xdg-desktop-portal-gtk
xdg-desktop-portal-hyprland
yay
yt-dlp
zip
zsh
zsh-theme-powerlevel10k-git